2018-06-28 09:27:48.103  INFO 24288 --- [main] com.haihun.Application                   : Starting Application on DESKTOP-5357GKJ with PID 24288 (D:\company\zjsdk\out\production\classes started by kaiser路von路d in D:\company\zjsdk)
2018-06-28 09:27:48.116 DEBUG 24288 --- [main] com.haihun.Application                   : Running with Spring Boot v2.0.2.RELEASE, Spring v5.0.6.RELEASE
2018-06-28 09:27:48.117  INFO 24288 --- [main] com.haihun.Application                   : The following profiles are active: dev,mybatis
2018-06-28 09:27:48.175  INFO 24288 --- [main] ConfigServletWebServerApplicationContext : Refreshing org.springframework.boot.web.servlet.context.AnnotationConfigServletWebServerApplicationContext@40ab8a8: startup date [Thu Jun 28 09:27:48 CST 2018]; root of context hierarchy
2018-06-28 09:27:50.771  WARN 24288 --- [main] ssPathScanningCandidateComponentProvider : Cannot use both: sqlSessionTemplate and sqlSessionFactory together. sqlSessionFactory is ignored.
2018-06-28 09:27:50.772  WARN 24288 --- [main] ssPathScanningCandidateComponentProvider : Cannot use both: sqlSessionTemplate and sqlSessionFactory together. sqlSessionFactory is ignored.
2018-06-28 09:27:50.772  WARN 24288 --- [main] ssPathScanningCandidateComponentProvider : Cannot use both: sqlSessionTemplate and sqlSessionFactory together. sqlSessionFactory is ignored.
2018-06-28 09:27:50.772  WARN 24288 --- [main] ssPathScanningCandidateComponentProvider : Cannot use both: sqlSessionTemplate and sqlSessionFactory together. sqlSessionFactory is ignored.
2018-06-28 09:27:50.772  WARN 24288 --- [main] ssPathScanningCandidateComponentProvider : Cannot use both: sqlSessionTemplate and sqlSessionFactory together. sqlSessionFactory is ignored.
2018-06-28 09:27:50.772  WARN 24288 --- [main] ssPathScanningCandidateComponentProvider : Cannot use both: sqlSessionTemplate and sqlSessionFactory together. sqlSessionFactory is ignored.
2018-06-28 09:27:50.773  WARN 24288 --- [main] ssPathScanningCandidateComponentProvider : Cannot use both: sqlSessionTemplate and sqlSessionFactory together. sqlSessionFactory is ignored.
2018-06-28 09:27:50.773  WARN 24288 --- [main] ssPathScanningCandidateComponentProvider : Cannot use both: sqlSessionTemplate and sqlSessionFactory together. sqlSessionFactory is ignored.
2018-06-28 09:27:50.773  WARN 24288 --- [main] ssPathScanningCandidateComponentProvider : Cannot use both: sqlSessionTemplate and sqlSessionFactory together. sqlSessionFactory is ignored.
2018-06-28 09:27:51.005  WARN 24288 --- [main] ssPathScanningCandidateComponentProvider : No MyBatis mapper was found in '[com.haihun]' package. Please check your configuration.
2018-06-28 09:27:51.021  WARN 24288 --- [main] ssPathScanningCandidateComponentProvider : No MyBatis mapper was found in '[com.haihun]' package. Please check your configuration.
2018-06-28 09:27:51.674  INFO 24288 --- [main] trationDelegate$BeanPostProcessorChecker : Bean 'org.springframework.transaction.annotation.ProxyTransactionManagementConfiguration' of type [org.springframework.transaction.annotation.ProxyTransactionManagementConfiguration$$EnhancerBySpringCGLIB$$5b4a2f0a] is not eligible for getting processed by all BeanPostProcessors (for example: not eligible for auto-proxying)
2018-06-28 09:27:52.174  INFO 24288 --- [main] o.s.b.w.embedded.tomcat.TomcatWebServer  : Tomcat initialized with port(s): 8080 (http)
2018-06-28 09:27:52.193  INFO 24288 --- [main] o.apache.catalina.core.StandardService   : Starting service [Tomcat]
2018-06-28 09:27:52.194  INFO 24288 --- [main] org.apache.catalina.core.StandardEngine  : Starting Servlet Engine: Apache Tomcat/8.5.31
2018-06-28 09:27:52.197  INFO 24288 --- [localhost-startStop-1] o.a.catalina.core.AprLifecycleListener   : The APR based Apache Tomcat Native library which allows optimal performance in production environments was not found on the java.library.path: [E:\software\Java\jdk1.8\bin;C:\WINDOWS\Sun\Java\bin;C:\WINDOWS\system32;C:\WINDOWS;%JAVA_HOME%\bin;C:\WINDOWS\system32;C:\WINDOWS;C:\WINDOWS\System32\Wbem;C:\WINDOWS\System32\WindowsPowerShell\v1.0\;C:\Program Files\TortoiseSVN\bin;C:\Program Files\Git\cmd;%GRADLE_HOME%\bin;;C:\WINDOWS\System32\OpenSSH\;C:\Users\19187\AppData\Local\Microsoft\WindowsApps;C:\Program Files\Bandizip\;;.]
2018-06-28 09:27:52.297  INFO 24288 --- [localhost-startStop-1] o.a.c.c.C.[Tomcat].[localhost].[/]       : Initializing Spring embedded WebApplicationContext
2018-06-28 09:27:52.297  INFO 24288 --- [localhost-startStop-1] o.s.web.context.ContextLoader            : Root WebApplicationContext: initialization completed in 4122 ms
2018-06-28 09:27:53.167  INFO 24288 --- [localhost-startStop-1] c.h.config.redis.ShardedJedisPoolConfig  : start read jedisPool cluster nodes configuration ....
2018-06-28 09:27:53.167  INFO 24288 --- [localhost-startStop-1] c.h.config.redis.ShardedJedisPoolConfig  : jedisPool cluster node infomation  : 192.168.0.200:6379*1
2018-06-28 09:27:53.167  INFO 24288 --- [localhost-startStop-1] c.h.config.redis.ShardedJedisPoolConfig  : start read jedisPool configuration ....
2018-06-28 09:27:53.167  INFO 24288 --- [localhost-startStop-1] c.h.config.redis.ShardedJedisPoolConfig  : jedisPool configuration read end ....
2018-06-28 09:27:53.167  INFO 24288 --- [localhost-startStop-1] c.h.config.redis.ShardedJedisPoolConfig  : jedisPool configuration info : JedisPoolConfig [lifo=true, fairness=false, maxWaitMillis=6000, minEvictableIdleTimeMillis=60000, softMinEvictableIdleTimeMillis=-1, numTestsPerEvictionRun=-1, evictionPolicyClassName=org.apache.commons.pool2.impl.DefaultEvictionPolicy, testOnCreate=false, testOnBorrow=true, testOnReturn=true, testWhileIdle=true, timeBetweenEvictionRunsMillis=30000, blockWhenExhausted=true, jmxEnabled=true, jmxNamePrefix=pool, jmxNameBase=null, maxTotal=20, maxIdle=1, minIdle=0]
2018-06-28 09:27:53.901  INFO 24288 --- [localhost-startStop-1] o.s.b.w.servlet.FilterRegistrationBean   : Mapping filter: 'characterEncodingFilter' to: [/*]
2018-06-28 09:27:53.901  INFO 24288 --- [localhost-startStop-1] o.s.b.w.servlet.FilterRegistrationBean   : Mapping filter: 'hiddenHttpMethodFilter' to: [/*]
2018-06-28 09:27:53.901  INFO 24288 --- [localhost-startStop-1] o.s.b.w.servlet.FilterRegistrationBean   : Mapping filter: 'httpPutFormContentFilter' to: [/*]
2018-06-28 09:27:53.901  INFO 24288 --- [localhost-startStop-1] o.s.b.w.servlet.FilterRegistrationBean   : Mapping filter: 'requestContextFilter' to: [/*]
2018-06-28 09:27:53.902  INFO 24288 --- [localhost-startStop-1] o.s.b.w.servlet.FilterRegistrationBean   : Mapping filter: 'paramFilter' to urls: [/*]
2018-06-28 09:27:53.902  INFO 24288 --- [localhost-startStop-1] o.s.b.w.servlet.FilterRegistrationBean   : Mapping filter: 'httpTraceFilter' to: [/*]
2018-06-28 09:27:53.902  INFO 24288 --- [localhost-startStop-1] o.s.b.w.servlet.FilterRegistrationBean   : Mapping filter: 'webMvcMetricsFilter' to: [/*]
2018-06-28 09:27:53.902  INFO 24288 --- [localhost-startStop-1] o.s.b.w.servlet.ServletRegistrationBean  : Servlet dispatcherServlet mapped to [/]
2018-06-28 09:27:53.998  INFO 24288 --- [main] com.haihun.config.quartz.QuartzConfig    : Quartz init done...
2018-06-28 09:27:54.347  INFO 24288 --- [main] com.zaxxer.hikari.HikariDataSource       : HikariPool-1 - Starting...
2018-06-28 09:27:54.480  INFO 24288 --- [main] com.zaxxer.hikari.HikariDataSource       : HikariPool-1 - Start completed.
2018-06-28 09:27:54.558  INFO 24288 --- [main] org.quartz.impl.StdSchedulerFactory      : Using default implementation for ThreadExecutor
2018-06-28 09:27:54.569  INFO 24288 --- [main] org.quartz.core.SchedulerSignalerImpl    : Initialized Scheduler Signaller of type: class org.quartz.core.SchedulerSignalerImpl
2018-06-28 09:27:54.569  INFO 24288 --- [main] org.quartz.core.QuartzScheduler          : Quartz Scheduler v.2.3.0 created.
2018-06-28 09:27:54.572  INFO 24288 --- [main] o.s.s.quartz.LocalDataSourceJobStore     : Using db table-based data access locking (synchronization).
2018-06-28 09:27:54.574  INFO 24288 --- [main] o.s.s.quartz.LocalDataSourceJobStore     : JobStoreCMT initialized.
2018-06-28 09:27:54.575  INFO 24288 --- [main] org.quartz.core.QuartzScheduler          : Scheduler meta-data: Quartz Scheduler (v2.3.0) 'init' with instanceId 'NON_CLUSTERED'
  Scheduler class: 'org.quartz.core.QuartzScheduler' - running locally.
  NOT STARTED.
  Currently in standby mode.
  Number of jobs executed: 0
  Using thread pool 'org.quartz.simpl.SimpleThreadPool' - with 10 threads.
  Using job-store 'org.springframework.scheduling.quartz.LocalDataSourceJobStore' - which supports persistence. and is not clustered.

2018-06-28 09:27:54.575  INFO 24288 --- [main] org.quartz.impl.StdSchedulerFactory      : Quartz scheduler 'init' initialized from an externally provided properties instance.
2018-06-28 09:27:54.575  INFO 24288 --- [main] org.quartz.impl.StdSchedulerFactory      : Quartz scheduler version: 2.3.0
2018-06-28 09:27:54.575  INFO 24288 --- [main] org.quartz.core.QuartzScheduler          : JobFactory set to: com.haihun.config.quartz.AutowiringQuartzJobFactory@5af47414
2018-06-28 09:27:54.915  INFO 24288 --- [main] s.w.s.m.m.a.RequestMappingHandlerMapping : Mapped "{[/bankManager/add],methods=[POST]}" onto public com.haihun.sdk.vo.result.Result com.haihun.sdk.controller.BankController.add(com.haihun.sdk.pojo.Bank)
2018-06-28 09:27:54.918  INFO 24288 --- [main] s.w.s.m.m.a.RequestMappingHandlerMapping : Mapped "{[/analy/index],methods=[GET]}" onto public java.lang.String com.haihun.sdk.controller.DataAnalyController.index(javax.servlet.http.HttpServletRequest)
2018-06-28 09:27:54.919  INFO 24288 --- [main] s.w.s.m.m.a.RequestMappingHandlerMapping : Mapped "{[/analy/getChannelIdByAppId],methods=[POST]}" onto public java.lang.Object com.haihun.sdk.controller.DataAnalyController.getChannel(java.lang.String)
2018-06-28 09:27:54.919  INFO 24288 --- [main] s.w.s.m.m.a.RequestMappingHandlerMapping : Mapped "{[/analy/all],methods=[POST]}" onto public java.lang.Object com.haihun.sdk.controller.DataAnalyController.all(com.haihun.sdk.vo.args.CompAnalyArgs)
2018-06-28 09:27:54.919  INFO 24288 --- [main] s.w.s.m.m.a.RequestMappingHandlerMapping : Mapped "{[/analy/login],methods=[GET]}" onto public java.lang.String com.haihun.sdk.controller.DataAnalyController.login()
2018-06-28 09:27:54.919  INFO 24288 --- [main] s.w.s.m.m.a.RequestMappingHandlerMapping : Mapped "{[/analy/orderIndex],methods=[GET]}" onto public java.lang.String com.haihun.sdk.controller.DataAnalyController.orderIndex(org.springframework.ui.Model)
2018-06-28 09:27:54.920  INFO 24288 --- [main] s.w.s.m.m.a.RequestMappingHandlerMapping : Mapped "{[/equipment/init],methods=[POST]}" onto public com.haihun.sdk.vo.result.EquipmentResult com.haihun.sdk.controller.EquipmentController.init(com.haihun.sdk.pojo.Equipment)
2018-06-28 09:27:54.921  INFO 24288 --- [main] s.w.s.m.m.a.RequestMappingHandlerMapping : Mapped "{[/gameManager/list],methods=[POST]}" onto public java.lang.Object com.haihun.sdk.controller.GameManagerController.list(java.lang.Integer,java.lang.Integer)
2018-06-28 09:27:54.921  INFO 24288 --- [main] s.w.s.m.m.a.RequestMappingHandlerMapping : Mapped "{[/gameManager/uploadIcon],methods=[POST]}" onto public com.haihun.sdk.vo.result.Result com.haihun.sdk.controller.GameManagerController.uploadIcon(org.springframework.web.multipart.MultipartFile,java.lang.String) throws java.lang.Exception
2018-06-28 09:27:54.922  INFO 24288 --- [main] s.w.s.m.m.a.RequestMappingHandlerMapping : Mapped "{[/gameManager/updateGame],methods=[POST]}" onto public com.haihun.sdk.vo.result.Result com.haihun.sdk.controller.GameManagerController.updateGame(java.lang.String,java.lang.String,java.lang.String)
2018-06-28 09:27:54.922  INFO 24288 --- [main] s.w.s.m.m.a.RequestMappingHandlerMapping : Mapped "{[/gameManager/queryGameByName],methods=[POST]}" onto public java.lang.Object com.haihun.sdk.controller.GameManagerController.queryGameByName(java.lang.String)
2018-06-28 09:27:54.922  INFO 24288 --- [main] s.w.s.m.m.a.RequestMappingHandlerMapping : Mapped "{[/gameManager/add],methods=[POST]}" onto public com.haihun.sdk.vo.result.Result com.haihun.sdk.controller.GameManagerController.addGame(java.lang.String,java.lang.String)
2018-06-28 09:27:54.923  INFO 24288 --- [main] s.w.s.m.m.a.RequestMappingHandlerMapping : Mapped "{[/order/list],methods=[POST]}" onto public com.haihun.sdk.vo.result.OrderListResult com.haihun.sdk.controller.GameOrderController.list(java.lang.String,java.lang.Integer,java.lang.Integer)
2018-06-28 09:27:54.924  INFO 24288 --- [main] s.w.s.m.m.a.RequestMappingHandlerMapping : Mapped "{[/order/create],methods=[POST]}" onto public com.haihun.sdk.vo.result.OrderResult com.haihun.sdk.controller.GameOrderController.createOrder(com.haihun.sdk.pojo.GameOrder,javax.servlet.http.HttpServletRequest,javax.servlet.http.HttpServletResponse)
2018-06-28 09:27:54.924  INFO 24288 --- [main] s.w.s.m.m.a.RequestMappingHandlerMapping : Mapped "{[/order/queryOrderByOrderId],methods=[POST]}" onto public com.haihun.sdk.vo.result.OrderResult com.haihun.sdk.controller.GameOrderController.queryOrderByOrderId(java.lang.String)
2018-06-28 09:27:54.924  INFO 24288 --- [main] s.w.s.m.m.a.RequestMappingHandlerMapping : Mapped "{[/order/createWapOrder],methods=[POST]}" onto public java.lang.String com.haihun.sdk.controller.GameOrderController.createAalipayWapOrder(com.haihun.sdk.pojo.GameOrder,javax.servlet.http.HttpServletRequest,org.springframework.ui.Model,javax.servlet.http.HttpServletResponse)
2018-06-28 09:27:54.927  INFO 24288 --- [main] s.w.s.m.m.a.RequestMappingHandlerMapping : Mapped "{[/sso/register],methods=[POST]}" onto public com.haihun.sdk.vo.result.Result com.haihun.sdk.controller.LoginController.register(com.haihun.sdk.pojo.User)
2018-06-28 09:27:54.928  INFO 24288 --- [main] s.w.s.m.m.a.RequestMappingHandlerMapping : Mapped "{[/sso/login],methods=[POST]}" onto public com.haihun.sdk.vo.result.LoginResult com.haihun.sdk.controller.LoginController.login(com.haihun.sdk.vo.args.LoginArgs)
2018-06-28 09:27:54.928  INFO 24288 --- [main] s.w.s.m.m.a.RequestMappingHandlerMapping : Mapped "{[/sso/registerAndLogin],methods=[POST]}" onto public com.haihun.sdk.vo.result.LoginResult com.haihun.sdk.controller.LoginController.registerAndLogin(com.haihun.sdk.pojo.User)
2018-06-28 09:27:54.929  INFO 24288 --- [main] s.w.s.m.m.a.RequestMappingHandlerMapping : Mapped "{[/sso/customerLogin],methods=[POST]}" onto public com.haihun.sdk.vo.result.QuickRegResult com.haihun.sdk.controller.LoginController.customerLogin(javax.servlet.http.HttpServletRequest,java.util.Map<java.lang.String, java.lang.String>)
2018-06-28 09:27:54.929  INFO 24288 --- [main] s.w.s.m.m.a.RequestMappingHandlerMapping : Mapped "{[/sso/resetPwd],methods=[POST]}" onto public com.haihun.sdk.vo.result.Result com.haihun.sdk.controller.LoginController.resetPwd(com.haihun.sdk.vo.args.ResetPwdArgs)
2018-06-28 09:27:54.929  INFO 24288 --- [main] s.w.s.m.m.a.RequestMappingHandlerMapping : Mapped "{[/sso/logout],methods=[POST]}" onto public com.haihun.sdk.vo.result.Result com.haihun.sdk.controller.LoginController.logout(java.lang.String)
2018-06-28 09:27:54.929  INFO 24288 --- [main] s.w.s.m.m.a.RequestMappingHandlerMapping : Mapped "{[/sso/smsVerifyCode],methods=[POST]}" onto public com.haihun.sdk.vo.result.Result com.haihun.sdk.controller.LoginController.smsVerifyCode(java.lang.String,java.lang.String)
2018-06-28 09:27:54.930  INFO 24288 --- [main] s.w.s.m.m.a.RequestMappingHandlerMapping : Mapped "{[/sso/bindMobile],methods=[POST]}" onto public com.haihun.sdk.vo.result.Result com.haihun.sdk.controller.LoginController.bindMobile(com.haihun.sdk.vo.args.BindMobileArgs)
2018-06-28 09:27:54.930  INFO 24288 --- [main] s.w.s.m.m.a.RequestMappingHandlerMapping : Mapped "{[/sso/checkToken],methods=[POST]}" onto public com.haihun.sdk.vo.result.Result com.haihun.sdk.controller.LoginController.queryUserByToken(java.lang.String,java.lang.String,java.lang.String)
2018-06-28 09:27:54.930  INFO 24288 --- [main] s.w.s.m.m.a.RequestMappingHandlerMapping : Mapped "{[/sso/getGameProtocol],methods=[POST]}" onto public com.haihun.sdk.vo.result.Result com.haihun.sdk.controller.LoginController.getGameProtocol()
2018-06-28 09:27:54.931  INFO 24288 --- [main] s.w.s.m.m.a.RequestMappingHandlerMapping : Mapped "{[/sso/realName],methods=[POST]}" onto public com.haihun.sdk.vo.result.Result com.haihun.sdk.controller.LoginController.realName(com.haihun.sdk.vo.args.RealNameArgs)
2018-06-28 09:27:54.931  INFO 24288 --- [main] s.w.s.m.m.a.RequestMappingHandlerMapping : Mapped "{[/sso/unBindMobile],methods=[POST]}" onto public com.haihun.sdk.vo.result.Result com.haihun.sdk.controller.LoginController.unBindMobile(java.lang.String,java.lang.String,java.lang.String)
2018-06-28 09:27:54.934  INFO 24288 --- [main] s.w.s.m.m.a.RequestMappingHandlerMapping : Mapped "{[/pay/alipayCallBack],methods=[POST]}" onto public void com.haihun.sdk.controller.PayCallBackController.alipayCallBack(javax.servlet.http.HttpServletResponse,javax.servlet.http.HttpServletRequest)
2018-06-28 09:27:54.935  INFO 24288 --- [main] s.w.s.m.m.a.RequestMappingHandlerMapping : Mapped "{[/pay/weChatPayCallBack],methods=[POST]}" onto public void com.haihun.sdk.controller.PayCallBackController.wechatPayCallBack(javax.servlet.http.HttpServletResponse,javax.servlet.http.HttpServletRequest)
2018-06-28 09:27:54.937  INFO 24288 --- [main] s.w.s.m.m.a.RequestMappingHandlerMapping : Mapped "{[/jobManage/quartzIndex],methods=[GET]}" onto public java.lang.String com.haihun.sdk.controller.QuartzJobDetailController.index()
2018-06-28 09:27:54.937  INFO 24288 --- [main] s.w.s.m.m.a.RequestMappingHandlerMapping : Mapped "{[/jobManage/add],methods=[POST]}" onto public com.haihun.sdk.vo.result.Result com.haihun.sdk.controller.QuartzJobDetailController.add(com.haihun.sdk.pojo.JobDetail)
2018-06-28 09:27:54.938  INFO 24288 --- [main] s.w.s.m.m.a.RequestMappingHandlerMapping : Mapped "{[/jobManage],methods=[DELETE]}" onto public org.springframework.http.ResponseEntity<java.lang.Boolean> com.haihun.sdk.controller.QuartzJobDetailController.delete(java.util.Map<java.lang.String, java.util.List<java.lang.String>>)
2018-06-28 09:27:54.938  INFO 24288 --- [main] s.w.s.m.m.a.RequestMappingHandlerMapping : Mapped "{[/jobManage/list],methods=[GET]}" onto public java.lang.Object com.haihun.sdk.controller.QuartzJobDetailController.list(java.lang.Integer,java.lang.Integer)
2018-06-28 09:27:54.938  INFO 24288 --- [main] s.w.s.m.m.a.RequestMappingHandlerMapping : Mapped "{[/jobManage/{group}/{name}],methods=[POST]}" onto public org.springframework.http.ResponseEntity<java.lang.Boolean> com.haihun.sdk.controller.QuartzJobDetailController.triggerNow(java.lang.String,java.lang.String,java.util.Map<java.lang.String, java.lang.Object>)
2018-06-28 09:27:54.938  INFO 24288 --- [main] s.w.s.m.m.a.RequestMappingHandlerMapping : Mapped "{[/jobManage/{group}/{name}],methods=[GET]}" onto public com.haihun.sdk.pojo.JobDetail com.haihun.sdk.controller.QuartzJobDetailController.queryByJobKey(java.lang.String,java.lang.String)
2018-06-28 09:27:54.941  INFO 24288 --- [main] s.w.s.m.m.a.RequestMappingHandlerMapping : Mapped "{[/swagger-resources]}" onto public org.springframework.http.ResponseEntity<java.util.List<springfox.documentation.swagger.web.SwaggerResource>> springfox.documentation.swagger.web.ApiResourceController.swaggerResources()
2018-06-28 09:27:54.942  INFO 24288 --- [main] s.w.s.m.m.a.RequestMappingHandlerMapping : Mapped "{[/swagger-resources/configuration/ui]}" onto public org.springframework.http.ResponseEntity<springfox.documentation.swagger.web.UiConfiguration> springfox.documentation.swagger.web.ApiResourceController.uiConfiguration()
2018-06-28 09:27:54.942  INFO 24288 --- [main] s.w.s.m.m.a.RequestMappingHandlerMapping : Mapped "{[/swagger-resources/configuration/security]}" onto public org.springframework.http.ResponseEntity<springfox.documentation.swagger.web.SecurityConfiguration> springfox.documentation.swagger.web.ApiResourceController.securityConfiguration()
2018-06-28 09:27:54.944  INFO 24288 --- [main] s.w.s.m.m.a.RequestMappingHandlerMapping : Mapped "{[/error]}" onto public org.springframework.http.ResponseEntity<java.util.Map<java.lang.String, java.lang.Object>> org.springframework.boot.autoconfigure.web.servlet.error.BasicErrorController.error(javax.servlet.http.HttpServletRequest)
2018-06-28 09:27:54.945  INFO 24288 --- [main] s.w.s.m.m.a.RequestMappingHandlerMapping : Mapped "{[/error],produces=[text/html]}" onto public org.springframework.web.servlet.ModelAndView org.springframework.boot.autoconfigure.web.servlet.error.BasicErrorController.errorHtml(javax.servlet.http.HttpServletRequest,javax.servlet.http.HttpServletResponse)
2018-06-28 09:27:55.036  INFO 24288 --- [main] o.s.b.a.e.web.EndpointLinksResolver      : Exposing 2 endpoint(s) beneath base path '/actuator'
2018-06-28 09:27:55.049  INFO 24288 --- [main] s.b.a.e.w.s.WebMvcEndpointHandlerMapping : Mapped "{[/actuator/health],methods=[GET],produces=[application/vnd.spring-boot.actuator.v2+json || application/json]}" onto public java.lang.Object org.springframework.boot.actuate.endpoint.web.servlet.AbstractWebMvcEndpointHandlerMapping$OperationHandler.handle(javax.servlet.http.HttpServletRequest,java.util.Map<java.lang.String, java.lang.String>)
2018-06-28 09:27:55.050  INFO 24288 --- [main] s.b.a.e.w.s.WebMvcEndpointHandlerMapping : Mapped "{[/actuator/info],methods=[GET],produces=[application/vnd.spring-boot.actuator.v2+json || application/json]}" onto public java.lang.Object org.springframework.boot.actuate.endpoint.web.servlet.AbstractWebMvcEndpointHandlerMapping$OperationHandler.handle(javax.servlet.http.HttpServletRequest,java.util.Map<java.lang.String, java.lang.String>)
2018-06-28 09:27:55.050  INFO 24288 --- [main] s.b.a.e.w.s.WebMvcEndpointHandlerMapping : Mapped "{[/actuator],methods=[GET],produces=[application/vnd.spring-boot.actuator.v2+json || application/json]}" onto protected java.util.Map<java.lang.String, java.util.Map<java.lang.String, org.springframework.boot.actuate.endpoint.web.Link>> org.springframework.boot.actuate.endpoint.web.servlet.WebMvcEndpointHandlerMapping.links(javax.servlet.http.HttpServletRequest,javax.servlet.http.HttpServletResponse)
2018-06-28 09:27:55.164  INFO 24288 --- [main] c.h.config.redis.ShardedJedisPoolConfig  : start read jedisPool configuration ....
2018-06-28 09:27:55.164  INFO 24288 --- [main] c.h.config.redis.ShardedJedisPoolConfig  : jedisPool configuration read end ....
2018-06-28 09:27:55.164  INFO 24288 --- [main] c.h.config.redis.ShardedJedisPoolConfig  : jedisPool configuration info : JedisPoolConfig [lifo=true, fairness=false, maxWaitMillis=6000, minEvictableIdleTimeMillis=60000, softMinEvictableIdleTimeMillis=-1, numTestsPerEvictionRun=-1, evictionPolicyClassName=org.apache.commons.pool2.impl.DefaultEvictionPolicy, testOnCreate=false, testOnBorrow=true, testOnReturn=true, testWhileIdle=true, timeBetweenEvictionRunsMillis=30000, blockWhenExhausted=true, jmxEnabled=true, jmxNamePrefix=pool, jmxNameBase=null, maxTotal=20, maxIdle=1, minIdle=0]
2018-06-28 09:27:55.167  INFO 24288 --- [main] c.h.config.redis.ShardedJedisPoolConfig  : start read jedisPool cluster nodes configuration ....
2018-06-28 09:27:55.167  INFO 24288 --- [main] c.h.config.redis.ShardedJedisPoolConfig  : jedisPool cluster node infomation  : 192.168.0.200:6379*1
2018-06-28 09:27:55.212  INFO 24288 --- [main] pertySourcedRequestMappingHandlerMapping : Mapped URL path [/v2/api-docs] onto method [public org.springframework.http.ResponseEntity<springfox.documentation.spring.web.json.Json> springfox.documentation.swagger2.web.Swagger2Controller.getDocumentation(java.lang.String,javax.servlet.http.HttpServletRequest)]
2018-06-28 09:27:55.288  INFO 24288 --- [main] o.s.w.s.handler.SimpleUrlHandlerMapping  : Mapped URL path [/**/favicon.ico] onto handler of type [class org.springframework.web.servlet.resource.ResourceHttpRequestHandler]
2018-06-28 09:27:55.470  INFO 24288 --- [main] s.w.s.m.m.a.RequestMappingHandlerAdapter : Looking for @ControllerAdvice: org.springframework.boot.web.servlet.context.AnnotationConfigServletWebServerApplicationContext@40ab8a8: startup date [Thu Jun 28 09:27:48 CST 2018]; root of context hierarchy
2018-06-28 09:27:55.481  INFO 24288 --- [main] s.w.s.m.m.a.RequestMappingHandlerAdapter : Detected ResponseBodyAdvice bean in resInterceptor
2018-06-28 09:27:55.523  INFO 24288 --- [main] o.s.w.s.handler.SimpleUrlHandlerMapping  : Mapped URL path [/webjars/**] onto handler of type [class org.springframework.web.servlet.resource.ResourceHttpRequestHandler]
2018-06-28 09:27:55.523  INFO 24288 --- [main] o.s.w.s.handler.SimpleUrlHandlerMapping  : Mapped URL path [/**] onto handler of type [class org.springframework.web.servlet.resource.ResourceHttpRequestHandler]
2018-06-28 09:27:55.541  INFO 24288 --- [main] .m.m.a.ExceptionHandlerExceptionResolver : Detected ResponseBodyAdvice implementation in resInterceptor
2018-06-28 09:27:55.655  INFO 24288 --- [main] o.s.b.a.w.s.WelcomePageHandlerMapping    : Adding welcome page template: index
2018-06-28 09:27:56.042  INFO 24288 --- [main] o.s.b.d.a.OptionalLiveReloadServer       : LiveReload server is running on port 35729
2018-06-28 09:27:56.089  INFO 24288 --- [main] o.s.j.e.a.AnnotationMBeanExporter        : Registering beans for JMX exposure on startup
2018-06-28 09:27:56.091  INFO 24288 --- [main] o.s.j.e.a.AnnotationMBeanExporter        : Bean with name 'masterDataSource' has been autodetected for JMX exposure
2018-06-28 09:27:56.100  INFO 24288 --- [main] o.s.j.e.a.AnnotationMBeanExporter        : Located MBean 'masterDataSource': registering with JMX server as MBean [com.zaxxer.hikari:name=masterDataSource,type=HikariDataSource]
2018-06-28 09:27:56.105  INFO 24288 --- [main] o.s.c.support.DefaultLifecycleProcessor  : Starting beans in phase 2147483647
2018-06-28 09:27:56.105  INFO 24288 --- [main] d.s.w.p.DocumentationPluginsBootstrapper : Context refreshed
2018-06-28 09:27:56.123  INFO 24288 --- [main] d.s.w.p.DocumentationPluginsBootstrapper : Found 1 custom documentation plugin(s)
2018-06-28 09:27:56.178  INFO 24288 --- [main] s.d.s.w.s.ApiListingReferenceScanner     : Scanning for api listing references
2018-06-28 09:27:56.533  INFO 24288 --- [main] .d.s.w.r.o.CachingOperationNameGenerator : Generating unique operation named: listUsingPOST_1
2018-06-28 09:27:56.676  INFO 24288 --- [main] .d.s.w.r.o.CachingOperationNameGenerator : Generating unique operation named: addUsingPOST_1
2018-06-28 09:27:56.683  INFO 24288 --- [main] .d.s.w.r.o.CachingOperationNameGenerator : Generating unique operation named: indexUsingGET_1
2018-06-28 09:27:56.706  INFO 24288 --- [main] o.s.s.quartz.SchedulerFactoryBean        : Starting Quartz Scheduler now
2018-06-28 09:27:56.727  INFO 24288 --- [main] o.s.s.quartz.LocalDataSourceJobStore     : Freed 1 triggers from 'acquired' / 'blocked' state.
2018-06-28 09:27:56.730  INFO 24288 --- [main] o.s.s.quartz.LocalDataSourceJobStore     : Handling 2 trigger(s) that missed their scheduled fire-time.
2018-06-28 09:27:56.873  INFO 24288 --- [main] o.s.s.quartz.LocalDataSourceJobStore     : Recovering 0 jobs that were in-progress at the time of the last shut-down.
2018-06-28 09:27:56.873  INFO 24288 --- [main] o.s.s.quartz.LocalDataSourceJobStore     : Recovery complete.
2018-06-28 09:27:56.875  INFO 24288 --- [main] o.s.s.quartz.LocalDataSourceJobStore     : Removed 0 'complete' triggers.
2018-06-28 09:27:56.876  INFO 24288 --- [main] o.s.s.quartz.LocalDataSourceJobStore     : Removed 1 stale fired job entries.
2018-06-28 09:27:56.906  INFO 24288 --- [main] org.quartz.core.QuartzScheduler          : Scheduler init_$_NON_CLUSTERED started.
2018-06-28 09:27:56.975  INFO 24288 --- [main] o.s.b.w.embedded.tomcat.TomcatWebServer  : Tomcat started on port(s): 8080 (http) with context path ''
2018-06-28 09:27:56.982  INFO 24288 --- [main] com.haihun.Application                   : Started Application in 9.679 seconds (JVM running for 15.424)
2018-06-28 09:27:57.632  INFO 24288 --- [RMI TCP Connection(9)-127.0.0.1] o.a.c.c.C.[Tomcat].[localhost].[/]       : Initializing Spring FrameworkServlet 'dispatcherServlet'
2018-06-28 09:27:57.632  INFO 24288 --- [RMI TCP Connection(9)-127.0.0.1] o.s.web.servlet.DispatcherServlet        : FrameworkServlet 'dispatcherServlet': initialization started
2018-06-28 09:27:57.649  INFO 24288 --- [RMI TCP Connection(9)-127.0.0.1] o.s.web.servlet.DispatcherServlet        : FrameworkServlet 'dispatcherServlet': initialization completed in 17 ms
2018-06-28 11:21:37.839  INFO 8372 --- [main] com.haihun.Application                   : Starting Application on DESKTOP-5357GKJ with PID 8372 (D:\company\zjsdk\out\production\classes started by kaiser路von路d in D:\company\zjsdk)
2018-06-28 11:21:37.842 DEBUG 8372 --- [main] com.haihun.Application                   : Running with Spring Boot v2.0.2.RELEASE, Spring v5.0.6.RELEASE
2018-06-28 11:21:37.843  INFO 8372 --- [main] com.haihun.Application                   : The following profiles are active: dev,mybatis
2018-06-28 11:21:37.896  INFO 8372 --- [main] ConfigServletWebServerApplicationContext : Refreshing org.springframework.boot.web.servlet.context.AnnotationConfigServletWebServerApplicationContext@42c2f48c: startup date [Thu Jun 28 11:21:37 CST 2018]; root of context hierarchy
2018-06-28 11:21:39.627  WARN 8372 --- [main] ssPathScanningCandidateComponentProvider : Cannot use both: sqlSessionTemplate and sqlSessionFactory together. sqlSessionFactory is ignored.
2018-06-28 11:21:39.628  WARN 8372 --- [main] ssPathScanningCandidateComponentProvider : Cannot use both: sqlSessionTemplate and sqlSessionFactory together. sqlSessionFactory is ignored.
2018-06-28 11:21:39.628  WARN 8372 --- [main] ssPathScanningCandidateComponentProvider : Cannot use both: sqlSessionTemplate and sqlSessionFactory together. sqlSessionFactory is ignored.
2018-06-28 11:21:39.628  WARN 8372 --- [main] ssPathScanningCandidateComponentProvider : Cannot use both: sqlSessionTemplate and sqlSessionFactory together. sqlSessionFactory is ignored.
2018-06-28 11:21:39.628  WARN 8372 --- [main] ssPathScanningCandidateComponentProvider : Cannot use both: sqlSessionTemplate and sqlSessionFactory together. sqlSessionFactory is ignored.
2018-06-28 11:21:39.628  WARN 8372 --- [main] ssPathScanningCandidateComponentProvider : Cannot use both: sqlSessionTemplate and sqlSessionFactory together. sqlSessionFactory is ignored.
2018-06-28 11:21:39.628  WARN 8372 --- [main] ssPathScanningCandidateComponentProvider : Cannot use both: sqlSessionTemplate and sqlSessionFactory together. sqlSessionFactory is ignored.
2018-06-28 11:21:39.629  WARN 8372 --- [main] ssPathScanningCandidateComponentProvider : Cannot use both: sqlSessionTemplate and sqlSessionFactory together. sqlSessionFactory is ignored.
2018-06-28 11:21:39.629  WARN 8372 --- [main] ssPathScanningCandidateComponentProvider : Cannot use both: sqlSessionTemplate and sqlSessionFactory together. sqlSessionFactory is ignored.
2018-06-28 11:21:39.777  WARN 8372 --- [main] ssPathScanningCandidateComponentProvider : No MyBatis mapper was found in '[com.haihun]' package. Please check your configuration.
2018-06-28 11:21:39.792  WARN 8372 --- [main] ssPathScanningCandidateComponentProvider : No MyBatis mapper was found in '[com.haihun]' package. Please check your configuration.
2018-06-28 11:21:40.410  INFO 8372 --- [main] trationDelegate$BeanPostProcessorChecker : Bean 'org.springframework.transaction.annotation.ProxyTransactionManagementConfiguration' of type [org.springframework.transaction.annotation.ProxyTransactionManagementConfiguration$$EnhancerBySpringCGLIB$$b4fd59df] is not eligible for getting processed by all BeanPostProcessors (for example: not eligible for auto-proxying)
2018-06-28 11:21:40.990  INFO 8372 --- [main] o.s.b.w.embedded.tomcat.TomcatWebServer  : Tomcat initialized with port(s): 8080 (http)
2018-06-28 11:21:41.016  INFO 8372 --- [main] o.apache.catalina.core.StandardService   : Starting service [Tomcat]
2018-06-28 11:21:41.016  INFO 8372 --- [main] org.apache.catalina.core.StandardEngine  : Starting Servlet Engine: Apache Tomcat/8.5.31
2018-06-28 11:21:41.020  INFO 8372 --- [localhost-startStop-1] o.a.catalina.core.AprLifecycleListener   : The APR based Apache Tomcat Native library which allows optimal performance in production environments was not found on the java.library.path: [E:\software\Java\jdk1.8\bin;C:\WINDOWS\Sun\Java\bin;C:\WINDOWS\system32;C:\WINDOWS;%JAVA_HOME%\bin;C:\WINDOWS\system32;C:\WINDOWS;C:\WINDOWS\System32\Wbem;C:\WINDOWS\System32\WindowsPowerShell\v1.0\;C:\Program Files\TortoiseSVN\bin;C:\Program Files\Git\cmd;%GRADLE_HOME%\bin;;C:\WINDOWS\System32\OpenSSH\;C:\Users\19187\AppData\Local\Microsoft\WindowsApps;C:\Program Files\Bandizip\;;.]
2018-06-28 11:21:41.141  INFO 8372 --- [localhost-startStop-1] o.a.c.c.C.[Tomcat].[localhost].[/]       : Initializing Spring embedded WebApplicationContext
2018-06-28 11:21:41.141  INFO 8372 --- [localhost-startStop-1] o.s.web.context.ContextLoader            : Root WebApplicationContext: initialization completed in 3245 ms
2018-06-28 11:21:41.730  INFO 8372 --- [localhost-startStop-1] c.h.config.redis.ShardedJedisPoolConfig  : start read jedisPool cluster nodes configuration ....
2018-06-28 11:21:41.731  INFO 8372 --- [localhost-startStop-1] c.h.config.redis.ShardedJedisPoolConfig  : jedisPool cluster node infomation  : 192.168.0.200:6379*1
2018-06-28 11:21:41.731  INFO 8372 --- [localhost-startStop-1] c.h.config.redis.ShardedJedisPoolConfig  : start read jedisPool configuration ....
2018-06-28 11:21:41.731  INFO 8372 --- [localhost-startStop-1] c.h.config.redis.ShardedJedisPoolConfig  : jedisPool configuration read end ....
2018-06-28 11:21:41.731  INFO 8372 --- [localhost-startStop-1] c.h.config.redis.ShardedJedisPoolConfig  : jedisPool configuration info : JedisPoolConfig [lifo=true, fairness=false, maxWaitMillis=6000, minEvictableIdleTimeMillis=60000, softMinEvictableIdleTimeMillis=-1, numTestsPerEvictionRun=-1, evictionPolicyClassName=org.apache.commons.pool2.impl.DefaultEvictionPolicy, testOnCreate=false, testOnBorrow=true, testOnReturn=true, testWhileIdle=true, timeBetweenEvictionRunsMillis=30000, blockWhenExhausted=true, jmxEnabled=true, jmxNamePrefix=pool, jmxNameBase=null, maxTotal=20, maxIdle=1, minIdle=0]
2018-06-28 11:21:42.520  INFO 8372 --- [localhost-startStop-1] o.s.b.w.servlet.FilterRegistrationBean   : Mapping filter: 'characterEncodingFilter' to: [/*]
2018-06-28 11:21:42.521  INFO 8372 --- [localhost-startStop-1] o.s.b.w.servlet.FilterRegistrationBean   : Mapping filter: 'hiddenHttpMethodFilter' to: [/*]
2018-06-28 11:21:42.521  INFO 8372 --- [localhost-startStop-1] o.s.b.w.servlet.FilterRegistrationBean   : Mapping filter: 'httpPutFormContentFilter' to: [/*]
2018-06-28 11:21:42.521  INFO 8372 --- [localhost-startStop-1] o.s.b.w.servlet.FilterRegistrationBean   : Mapping filter: 'requestContextFilter' to: [/*]
2018-06-28 11:21:42.521  INFO 8372 --- [localhost-startStop-1] o.s.b.w.servlet.FilterRegistrationBean   : Mapping filter: 'paramFilter' to urls: [/*]
2018-06-28 11:21:42.521  INFO 8372 --- [localhost-startStop-1] o.s.b.w.servlet.FilterRegistrationBean   : Mapping filter: 'httpTraceFilter' to: [/*]
2018-06-28 11:21:42.521  INFO 8372 --- [localhost-startStop-1] o.s.b.w.servlet.FilterRegistrationBean   : Mapping filter: 'webMvcMetricsFilter' to: [/*]
2018-06-28 11:21:42.522  INFO 8372 --- [localhost-startStop-1] o.s.b.w.servlet.ServletRegistrationBean  : Servlet dispatcherServlet mapped to [/]
2018-06-28 11:21:42.601  INFO 8372 --- [main] com.haihun.config.quartz.QuartzConfig    : Quartz init done...
2018-06-28 11:21:42.938  INFO 8372 --- [main] com.zaxxer.hikari.HikariDataSource       : HikariPool-1 - Starting...
2018-06-28 11:21:43.105  INFO 8372 --- [main] com.zaxxer.hikari.HikariDataSource       : HikariPool-1 - Start completed.
2018-06-28 11:21:43.177  INFO 8372 --- [main] org.quartz.impl.StdSchedulerFactory      : Using default implementation for ThreadExecutor
2018-06-28 11:21:43.184  INFO 8372 --- [main] org.quartz.core.SchedulerSignalerImpl    : Initialized Scheduler Signaller of type: class org.quartz.core.SchedulerSignalerImpl
2018-06-28 11:21:43.185  INFO 8372 --- [main] org.quartz.core.QuartzScheduler          : Quartz Scheduler v.2.3.0 created.
2018-06-28 11:21:43.188  INFO 8372 --- [main] o.s.s.quartz.LocalDataSourceJobStore     : Using db table-based data access locking (synchronization).
2018-06-28 11:21:43.189  INFO 8372 --- [main] o.s.s.quartz.LocalDataSourceJobStore     : JobStoreCMT initialized.
2018-06-28 11:21:43.190  INFO 8372 --- [main] org.quartz.core.QuartzScheduler          : Scheduler meta-data: Quartz Scheduler (v2.3.0) 'init' with instanceId 'NON_CLUSTERED'
  Scheduler class: 'org.quartz.core.QuartzScheduler' - running locally.
  NOT STARTED.
  Currently in standby mode.
  Number of jobs executed: 0
  Using thread pool 'org.quartz.simpl.SimpleThreadPool' - with 10 threads.
  Using job-store 'org.springframework.scheduling.quartz.LocalDataSourceJobStore' - which supports persistence. and is not clustered.

2018-06-28 11:21:43.190  INFO 8372 --- [main] org.quartz.impl.StdSchedulerFactory      : Quartz scheduler 'init' initialized from an externally provided properties instance.
2018-06-28 11:21:43.190  INFO 8372 --- [main] org.quartz.impl.StdSchedulerFactory      : Quartz scheduler version: 2.3.0
2018-06-28 11:21:43.190  INFO 8372 --- [main] org.quartz.core.QuartzScheduler          : JobFactory set to: com.haihun.config.quartz.AutowiringQuartzJobFactory@24381e4a
2018-06-28 11:21:43.515  INFO 8372 --- [main] s.w.s.m.m.a.RequestMappingHandlerMapping : Mapped "{[/bankManager/add],methods=[POST]}" onto public com.haihun.sdk.vo.result.Result com.haihun.sdk.controller.BankController.add(com.haihun.sdk.pojo.Bank)
2018-06-28 11:21:43.518  INFO 8372 --- [main] s.w.s.m.m.a.RequestMappingHandlerMapping : Mapped "{[/analy/index],methods=[GET]}" onto public java.lang.String com.haihun.sdk.controller.DataAnalyController.index(javax.servlet.http.HttpServletRequest)
2018-06-28 11:21:43.518  INFO 8372 --- [main] s.w.s.m.m.a.RequestMappingHandlerMapping : Mapped "{[/analy/getChannelIdByAppId],methods=[POST]}" onto public java.lang.Object com.haihun.sdk.controller.DataAnalyController.getChannel(java.lang.String)
2018-06-28 11:21:43.518  INFO 8372 --- [main] s.w.s.m.m.a.RequestMappingHandlerMapping : Mapped "{[/analy/all],methods=[POST]}" onto public java.lang.Object com.haihun.sdk.controller.DataAnalyController.all(com.haihun.sdk.vo.args.CompAnalyArgs)
2018-06-28 11:21:43.519  INFO 8372 --- [main] s.w.s.m.m.a.RequestMappingHandlerMapping : Mapped "{[/analy/orderIndex],methods=[GET]}" onto public java.lang.String com.haihun.sdk.controller.DataAnalyController.orderIndex(org.springframework.ui.Model)
2018-06-28 11:21:43.519  INFO 8372 --- [main] s.w.s.m.m.a.RequestMappingHandlerMapping : Mapped "{[/analy/login],methods=[GET]}" onto public java.lang.String com.haihun.sdk.controller.DataAnalyController.login()
2018-06-28 11:21:43.520  INFO 8372 --- [main] s.w.s.m.m.a.RequestMappingHandlerMapping : Mapped "{[/equipment/init],methods=[POST]}" onto public com.haihun.sdk.vo.result.EquipmentResult com.haihun.sdk.controller.EquipmentController.init(com.haihun.sdk.pojo.Equipment)
2018-06-28 11:21:43.521  INFO 8372 --- [main] s.w.s.m.m.a.RequestMappingHandlerMapping : Mapped "{[/gameManager/list],methods=[POST]}" onto public java.lang.Object com.haihun.sdk.controller.GameManagerController.list(java.lang.Integer,java.lang.Integer)
2018-06-28 11:21:43.521  INFO 8372 --- [main] s.w.s.m.m.a.RequestMappingHandlerMapping : Mapped "{[/gameManager/queryGameByName],methods=[POST]}" onto public java.lang.Object com.haihun.sdk.controller.GameManagerController.queryGameByName(java.lang.String)
2018-06-28 11:21:43.522  INFO 8372 --- [main] s.w.s.m.m.a.RequestMappingHandlerMapping : Mapped "{[/gameManager/updateGame],methods=[POST]}" onto public com.haihun.sdk.vo.result.Result com.haihun.sdk.controller.GameManagerController.updateGame(java.lang.String,java.lang.String,java.lang.String)
2018-06-28 11:21:43.522  INFO 8372 --- [main] s.w.s.m.m.a.RequestMappingHandlerMapping : Mapped "{[/gameManager/add],methods=[POST]}" onto public com.haihun.sdk.vo.result.Result com.haihun.sdk.controller.GameManagerController.addGame(java.lang.String,java.lang.String)
2018-06-28 11:21:43.522  INFO 8372 --- [main] s.w.s.m.m.a.RequestMappingHandlerMapping : Mapped "{[/gameManager/uploadIcon],methods=[POST]}" onto public com.haihun.sdk.vo.result.Result com.haihun.sdk.controller.GameManagerController.uploadIcon(org.springframework.web.multipart.MultipartFile,java.lang.String) throws java.lang.Exception
2018-06-28 11:21:43.524  INFO 8372 --- [main] s.w.s.m.m.a.RequestMappingHandlerMapping : Mapped "{[/order/list],methods=[POST]}" onto public com.haihun.sdk.vo.result.OrderListResult com.haihun.sdk.controller.GameOrderController.list(java.lang.String,java.lang.Integer,java.lang.Integer)
2018-06-28 11:21:43.524  INFO 8372 --- [main] s.w.s.m.m.a.RequestMappingHandlerMapping : Mapped "{[/order/create],methods=[POST]}" onto public com.haihun.sdk.vo.result.OrderResult com.haihun.sdk.controller.GameOrderController.createOrder(com.haihun.sdk.pojo.GameOrder,javax.servlet.http.HttpServletRequest,javax.servlet.http.HttpServletResponse)
2018-06-28 11:21:43.524  INFO 8372 --- [main] s.w.s.m.m.a.RequestMappingHandlerMapping : Mapped "{[/order/queryOrderByOrderId],methods=[POST]}" onto public com.haihun.sdk.vo.result.OrderResult com.haihun.sdk.controller.GameOrderController.queryOrderByOrderId(java.lang.String)
2018-06-28 11:21:43.525  INFO 8372 --- [main] s.w.s.m.m.a.RequestMappingHandlerMapping : Mapped "{[/order/createWapOrder],methods=[POST]}" onto public java.lang.String com.haihun.sdk.controller.GameOrderController.createAalipayWapOrder(com.haihun.sdk.pojo.GameOrder,javax.servlet.http.HttpServletRequest,org.springframework.ui.Model,javax.servlet.http.HttpServletResponse)
2018-06-28 11:21:43.528  INFO 8372 --- [main] s.w.s.m.m.a.RequestMappingHandlerMapping : Mapped "{[/sso/register],methods=[POST]}" onto public com.haihun.sdk.vo.result.Result com.haihun.sdk.controller.LoginController.register(com.haihun.sdk.pojo.User)
2018-06-28 11:21:43.528  INFO 8372 --- [main] s.w.s.m.m.a.RequestMappingHandlerMapping : Mapped "{[/sso/bindMobile],methods=[POST]}" onto public com.haihun.sdk.vo.result.Result com.haihun.sdk.controller.LoginController.bindMobile(com.haihun.sdk.vo.args.BindMobileArgs)
2018-06-28 11:21:43.529  INFO 8372 --- [main] s.w.s.m.m.a.RequestMappingHandlerMapping : Mapped "{[/sso/unBindMobile],methods=[POST]}" onto public com.haihun.sdk.vo.result.Result com.haihun.sdk.controller.LoginController.unBindMobile(java.lang.String,java.lang.String,java.lang.String)
2018-06-28 11:21:43.529  INFO 8372 --- [main] s.w.s.m.m.a.RequestMappingHandlerMapping : Mapped "{[/sso/checkToken],methods=[POST]}" onto public com.haihun.sdk.vo.result.Result com.haihun.sdk.controller.LoginController.queryUserByToken(java.lang.String,java.lang.String,java.lang.String)
2018-06-28 11:21:43.529  INFO 8372 --- [main] s.w.s.m.m.a.RequestMappingHandlerMapping : Mapped "{[/sso/login],methods=[POST]}" onto public com.haihun.sdk.vo.result.LoginResult com.haihun.sdk.controller.LoginController.login(com.haihun.sdk.vo.args.LoginArgs)
2018-06-28 11:21:43.529  INFO 8372 --- [main] s.w.s.m.m.a.RequestMappingHandlerMapping : Mapped "{[/sso/registerAndLogin],methods=[POST]}" onto public com.haihun.sdk.vo.result.LoginResult com.haihun.sdk.controller.LoginController.registerAndLogin(com.haihun.sdk.pojo.User)
2018-06-28 11:21:43.530  INFO 8372 --- [main] s.w.s.m.m.a.RequestMappingHandlerMapping : Mapped "{[/sso/logout],methods=[POST]}" onto public com.haihun.sdk.vo.result.Result com.haihun.sdk.controller.LoginController.logout(java.lang.String)
2018-06-28 11:21:43.530  INFO 8372 --- [main] s.w.s.m.m.a.RequestMappingHandlerMapping : Mapped "{[/sso/smsVerifyCode],methods=[POST]}" onto public com.haihun.sdk.vo.result.Result com.haihun.sdk.controller.LoginController.smsVerifyCode(java.lang.String,java.lang.String)
2018-06-28 11:21:43.530  INFO 8372 --- [main] s.w.s.m.m.a.RequestMappingHandlerMapping : Mapped "{[/sso/getGameProtocol],methods=[POST]}" onto public com.haihun.sdk.vo.result.Result com.haihun.sdk.controller.LoginController.getGameProtocol()
2018-06-28 11:21:43.531  INFO 8372 --- [main] s.w.s.m.m.a.RequestMappingHandlerMapping : Mapped "{[/sso/resetPwd],methods=[POST]}" onto public com.haihun.sdk.vo.result.Result com.haihun.sdk.controller.LoginController.resetPwd(com.haihun.sdk.vo.args.ResetPwdArgs)
2018-06-28 11:21:43.531  INFO 8372 --- [main] s.w.s.m.m.a.RequestMappingHandlerMapping : Mapped "{[/sso/realName],methods=[POST]}" onto public com.haihun.sdk.vo.result.Result com.haihun.sdk.controller.LoginController.realName(com.haihun.sdk.vo.args.RealNameArgs)
2018-06-28 11:21:43.531  INFO 8372 --- [main] s.w.s.m.m.a.RequestMappingHandlerMapping : Mapped "{[/sso/customerLogin],methods=[POST]}" onto public com.haihun.sdk.vo.result.QuickRegResult com.haihun.sdk.controller.LoginController.customerLogin(javax.servlet.http.HttpServletRequest,java.util.Map<java.lang.String, java.lang.String>)
2018-06-28 11:21:43.532  INFO 8372 --- [main] s.w.s.m.m.a.RequestMappingHandlerMapping : Mapped "{[/pay/alipayCallBack],methods=[POST]}" onto public void com.haihun.sdk.controller.PayCallBackController.alipayCallBack(javax.servlet.http.HttpServletResponse,javax.servlet.http.HttpServletRequest)
2018-06-28 11:21:43.532  INFO 8372 --- [main] s.w.s.m.m.a.RequestMappingHandlerMapping : Mapped "{[/pay/weChatPayCallBack],methods=[POST]}" onto public void com.haihun.sdk.controller.PayCallBackController.wechatPayCallBack(javax.servlet.http.HttpServletResponse,javax.servlet.http.HttpServletRequest)
2018-06-28 11:21:43.534  INFO 8372 --- [main] s.w.s.m.m.a.RequestMappingHandlerMapping : Mapped "{[/jobManage/quartzIndex],methods=[GET]}" onto public java.lang.String com.haihun.sdk.controller.QuartzJobDetailController.index()
2018-06-28 11:21:43.535  INFO 8372 --- [main] s.w.s.m.m.a.RequestMappingHandlerMapping : Mapped "{[/jobManage/add],methods=[POST]}" onto public com.haihun.sdk.vo.result.Result com.haihun.sdk.controller.QuartzJobDetailController.add(com.haihun.sdk.pojo.JobDetail)
2018-06-28 11:21:43.535  INFO 8372 --- [main] s.w.s.m.m.a.RequestMappingHandlerMapping : Mapped "{[/jobManage],methods=[DELETE]}" onto public org.springframework.http.ResponseEntity<java.lang.Boolean> com.haihun.sdk.controller.QuartzJobDetailController.delete(java.util.Map<java.lang.String, java.util.List<java.lang.String>>)
2018-06-28 11:21:43.535  INFO 8372 --- [main] s.w.s.m.m.a.RequestMappingHandlerMapping : Mapped "{[/jobManage/list],methods=[GET]}" onto public java.lang.Object com.haihun.sdk.controller.QuartzJobDetailController.list(java.lang.Integer,java.lang.Integer)
2018-06-28 11:21:43.535  INFO 8372 --- [main] s.w.s.m.m.a.RequestMappingHandlerMapping : Mapped "{[/jobManage/{group}/{name}],methods=[GET]}" onto public com.haihun.sdk.pojo.JobDetail com.haihun.sdk.controller.QuartzJobDetailController.queryByJobKey(java.lang.String,java.lang.String)
2018-06-28 11:21:43.536  INFO 8372 --- [main] s.w.s.m.m.a.RequestMappingHandlerMapping : Mapped "{[/jobManage/{group}/{name}],methods=[POST]}" onto public org.springframework.http.ResponseEntity<java.lang.Boolean> com.haihun.sdk.controller.QuartzJobDetailController.triggerNow(java.lang.String,java.lang.String,java.util.Map<java.lang.String, java.lang.Object>)
2018-06-28 11:21:43.539  INFO 8372 --- [main] s.w.s.m.m.a.RequestMappingHandlerMapping : Mapped "{[/swagger-resources/configuration/ui]}" onto public org.springframework.http.ResponseEntity<springfox.documentation.swagger.web.UiConfiguration> springfox.documentation.swagger.web.ApiResourceController.uiConfiguration()
2018-06-28 11:21:43.540  INFO 8372 --- [main] s.w.s.m.m.a.RequestMappingHandlerMapping : Mapped "{[/swagger-resources]}" onto public org.springframework.http.ResponseEntity<java.util.List<springfox.documentation.swagger.web.SwaggerResource>> springfox.documentation.swagger.web.ApiResourceController.swaggerResources()
2018-06-28 11:21:43.540  INFO 8372 --- [main] s.w.s.m.m.a.RequestMappingHandlerMapping : Mapped "{[/swagger-resources/configuration/security]}" onto public org.springframework.http.ResponseEntity<springfox.documentation.swagger.web.SecurityConfiguration> springfox.documentation.swagger.web.ApiResourceController.securityConfiguration()
2018-06-28 11:21:43.542  INFO 8372 --- [main] s.w.s.m.m.a.RequestMappingHandlerMapping : Mapped "{[/error]}" onto public org.springframework.http.ResponseEntity<java.util.Map<java.lang.String, java.lang.Object>> org.springframework.boot.autoconfigure.web.servlet.error.BasicErrorController.error(javax.servlet.http.HttpServletRequest)
2018-06-28 11:21:43.543  INFO 8372 --- [main] s.w.s.m.m.a.RequestMappingHandlerMapping : Mapped "{[/error],produces=[text/html]}" onto public org.springframework.web.servlet.ModelAndView org.springframework.boot.autoconfigure.web.servlet.error.BasicErrorController.errorHtml(javax.servlet.http.HttpServletRequest,javax.servlet.http.HttpServletResponse)
2018-06-28 11:21:43.635  INFO 8372 --- [main] o.s.b.a.e.web.EndpointLinksResolver      : Exposing 2 endpoint(s) beneath base path '/actuator'
2018-06-28 11:21:43.649  INFO 8372 --- [main] s.b.a.e.w.s.WebMvcEndpointHandlerMapping : Mapped "{[/actuator/info],methods=[GET],produces=[application/vnd.spring-boot.actuator.v2+json || application/json]}" onto public java.lang.Object org.springframework.boot.actuate.endpoint.web.servlet.AbstractWebMvcEndpointHandlerMapping$OperationHandler.handle(javax.servlet.http.HttpServletRequest,java.util.Map<java.lang.String, java.lang.String>)
2018-06-28 11:21:43.650  INFO 8372 --- [main] s.b.a.e.w.s.WebMvcEndpointHandlerMapping : Mapped "{[/actuator/health],methods=[GET],produces=[application/vnd.spring-boot.actuator.v2+json || application/json]}" onto public java.lang.Object org.springframework.boot.actuate.endpoint.web.servlet.AbstractWebMvcEndpointHandlerMapping$OperationHandler.handle(javax.servlet.http.HttpServletRequest,java.util.Map<java.lang.String, java.lang.String>)
2018-06-28 11:21:43.650  INFO 8372 --- [main] s.b.a.e.w.s.WebMvcEndpointHandlerMapping : Mapped "{[/actuator],methods=[GET],produces=[application/vnd.spring-boot.actuator.v2+json || application/json]}" onto protected java.util.Map<java.lang.String, java.util.Map<java.lang.String, org.springframework.boot.actuate.endpoint.web.Link>> org.springframework.boot.actuate.endpoint.web.servlet.WebMvcEndpointHandlerMapping.links(javax.servlet.http.HttpServletRequest,javax.servlet.http.HttpServletResponse)
2018-06-28 11:21:43.764  INFO 8372 --- [main] c.h.config.redis.ShardedJedisPoolConfig  : start read jedisPool configuration ....
2018-06-28 11:21:43.764  INFO 8372 --- [main] c.h.config.redis.ShardedJedisPoolConfig  : jedisPool configuration read end ....
2018-06-28 11:21:43.764  INFO 8372 --- [main] c.h.config.redis.ShardedJedisPoolConfig  : jedisPool configuration info : JedisPoolConfig [lifo=true, fairness=false, maxWaitMillis=6000, minEvictableIdleTimeMillis=60000, softMinEvictableIdleTimeMillis=-1, numTestsPerEvictionRun=-1, evictionPolicyClassName=org.apache.commons.pool2.impl.DefaultEvictionPolicy, testOnCreate=false, testOnBorrow=true, testOnReturn=true, testWhileIdle=true, timeBetweenEvictionRunsMillis=30000, blockWhenExhausted=true, jmxEnabled=true, jmxNamePrefix=pool, jmxNameBase=null, maxTotal=20, maxIdle=1, minIdle=0]
2018-06-28 11:21:43.768  INFO 8372 --- [main] c.h.config.redis.ShardedJedisPoolConfig  : start read jedisPool cluster nodes configuration ....
2018-06-28 11:21:43.768  INFO 8372 --- [main] c.h.config.redis.ShardedJedisPoolConfig  : jedisPool cluster node infomation  : 192.168.0.200:6379*1
2018-06-28 11:21:43.812  INFO 8372 --- [main] pertySourcedRequestMappingHandlerMapping : Mapped URL path [/v2/api-docs] onto method [public org.springframework.http.ResponseEntity<springfox.documentation.spring.web.json.Json> springfox.documentation.swagger2.web.Swagger2Controller.getDocumentation(java.lang.String,javax.servlet.http.HttpServletRequest)]
2018-06-28 11:21:43.890  INFO 8372 --- [main] o.s.w.s.handler.SimpleUrlHandlerMapping  : Mapped URL path [/**/favicon.ico] onto handler of type [class org.springframework.web.servlet.resource.ResourceHttpRequestHandler]
2018-06-28 11:21:44.100  INFO 8372 --- [main] s.w.s.m.m.a.RequestMappingHandlerAdapter : Looking for @ControllerAdvice: org.springframework.boot.web.servlet.context.AnnotationConfigServletWebServerApplicationContext@42c2f48c: startup date [Thu Jun 28 11:21:37 CST 2018]; root of context hierarchy
2018-06-28 11:21:44.111  INFO 8372 --- [main] s.w.s.m.m.a.RequestMappingHandlerAdapter : Detected ResponseBodyAdvice bean in resInterceptor
2018-06-28 11:21:44.154  INFO 8372 --- [main] o.s.w.s.handler.SimpleUrlHandlerMapping  : Mapped URL path [/webjars/**] onto handler of type [class org.springframework.web.servlet.resource.ResourceHttpRequestHandler]
2018-06-28 11:21:44.154  INFO 8372 --- [main] o.s.w.s.handler.SimpleUrlHandlerMapping  : Mapped URL path [/**] onto handler of type [class org.springframework.web.servlet.resource.ResourceHttpRequestHandler]
2018-06-28 11:21:44.173  INFO 8372 --- [main] .m.m.a.ExceptionHandlerExceptionResolver : Detected ResponseBodyAdvice implementation in resInterceptor
2018-06-28 11:21:44.267  INFO 8372 --- [main] o.s.b.a.w.s.WelcomePageHandlerMapping    : Adding welcome page template: index
2018-06-28 11:21:44.640  INFO 8372 --- [main] o.s.b.d.a.OptionalLiveReloadServer       : LiveReload server is running on port 35729
2018-06-28 11:21:44.688  INFO 8372 --- [main] o.s.j.e.a.AnnotationMBeanExporter        : Registering beans for JMX exposure on startup
2018-06-28 11:21:44.689  INFO 8372 --- [main] o.s.j.e.a.AnnotationMBeanExporter        : Bean with name 'masterDataSource' has been autodetected for JMX exposure
2018-06-28 11:21:44.699  INFO 8372 --- [main] o.s.j.e.a.AnnotationMBeanExporter        : Located MBean 'masterDataSource': registering with JMX server as MBean [com.zaxxer.hikari:name=masterDataSource,type=HikariDataSource]
2018-06-28 11:21:44.705  INFO 8372 --- [main] o.s.c.support.DefaultLifecycleProcessor  : Starting beans in phase 2147483647
2018-06-28 11:21:44.705  INFO 8372 --- [main] d.s.w.p.DocumentationPluginsBootstrapper : Context refreshed
2018-06-28 11:21:44.724  INFO 8372 --- [main] d.s.w.p.DocumentationPluginsBootstrapper : Found 1 custom documentation plugin(s)
2018-06-28 11:21:44.772  INFO 8372 --- [main] s.d.s.w.s.ApiListingReferenceScanner     : Scanning for api listing references
2018-06-28 11:21:44.971  INFO 8372 --- [main] .d.s.w.r.o.CachingOperationNameGenerator : Generating unique operation named: listUsingPOST_1
2018-06-28 11:21:45.081  INFO 8372 --- [main] .d.s.w.r.o.CachingOperationNameGenerator : Generating unique operation named: addUsingPOST_1
2018-06-28 11:21:45.088  INFO 8372 --- [main] .d.s.w.r.o.CachingOperationNameGenerator : Generating unique operation named: indexUsingGET_1
2018-06-28 11:21:45.112  INFO 8372 --- [main] o.s.s.quartz.SchedulerFactoryBean        : Starting Quartz Scheduler now
2018-06-28 11:21:45.132  INFO 8372 --- [main] o.s.s.quartz.LocalDataSourceJobStore     : Freed 1 triggers from 'acquired' / 'blocked' state.
2018-06-28 11:21:45.135  INFO 8372 --- [main] o.s.s.quartz.LocalDataSourceJobStore     : Recovering 0 jobs that were in-progress at the time of the last shut-down.
2018-06-28 11:21:45.136  INFO 8372 --- [main] o.s.s.quartz.LocalDataSourceJobStore     : Recovery complete.
2018-06-28 11:21:45.137  INFO 8372 --- [main] o.s.s.quartz.LocalDataSourceJobStore     : Removed 0 'complete' triggers.
2018-06-28 11:21:45.138  INFO 8372 --- [main] o.s.s.quartz.LocalDataSourceJobStore     : Removed 1 stale fired job entries.
2018-06-28 11:21:45.184  INFO 8372 --- [main] org.quartz.core.QuartzScheduler          : Scheduler init_$_NON_CLUSTERED started.
2018-06-28 11:21:45.232  INFO 8372 --- [main] o.s.b.w.embedded.tomcat.TomcatWebServer  : Tomcat started on port(s): 8080 (http) with context path ''
2018-06-28 11:21:45.238  INFO 8372 --- [main] com.haihun.Application                   : Started Application in 8.158 seconds (JVM running for 13.4)
2018-06-28 11:21:45.786  INFO 8372 --- [RMI TCP Connection(2)-127.0.0.1] o.a.c.c.C.[Tomcat].[localhost].[/]       : Initializing Spring FrameworkServlet 'dispatcherServlet'
2018-06-28 11:21:45.787  INFO 8372 --- [RMI TCP Connection(2)-127.0.0.1] o.s.web.servlet.DispatcherServlet        : FrameworkServlet 'dispatcherServlet': initialization started
2018-06-28 11:21:45.810  INFO 8372 --- [RMI TCP Connection(2)-127.0.0.1] o.s.web.servlet.DispatcherServlet        : FrameworkServlet 'dispatcherServlet': initialization completed in 23 ms
2018-06-28 11:29:30.585  INFO 28428 --- [main] com.haihun.Application                   : Starting Application on DESKTOP-5357GKJ with PID 28428 (D:\company\zjsdk\out\production\classes started by kaiser路von路d in D:\company\zjsdk)
2018-06-28 11:29:30.588 DEBUG 28428 --- [main] com.haihun.Application                   : Running with Spring Boot v2.0.2.RELEASE, Spring v5.0.6.RELEASE
2018-06-28 11:29:30.588  INFO 28428 --- [main] com.haihun.Application                   : The following profiles are active: dev,mybatis
2018-06-28 11:29:30.637  INFO 28428 --- [main] ConfigServletWebServerApplicationContext : Refreshing org.springframework.boot.web.servlet.context.AnnotationConfigServletWebServerApplicationContext@4078695f: startup date [Thu Jun 28 11:29:30 CST 2018]; root of context hierarchy
2018-06-28 11:29:31.474  WARN 28428 --- [main] ssPathScanningCandidateComponentProvider : Cannot use both: sqlSessionTemplate and sqlSessionFactory together. sqlSessionFactory is ignored.
2018-06-28 11:29:31.474  WARN 28428 --- [main] ssPathScanningCandidateComponentProvider : Cannot use both: sqlSessionTemplate and sqlSessionFactory together. sqlSessionFactory is ignored.
2018-06-28 11:29:31.474  WARN 28428 --- [main] ssPathScanningCandidateComponentProvider : Cannot use both: sqlSessionTemplate and sqlSessionFactory together. sqlSessionFactory is ignored.
2018-06-28 11:29:31.474  WARN 28428 --- [main] ssPathScanningCandidateComponentProvider : Cannot use both: sqlSessionTemplate and sqlSessionFactory together. sqlSessionFactory is ignored.
2018-06-28 11:29:31.475  WARN 28428 --- [main] ssPathScanningCandidateComponentProvider : Cannot use both: sqlSessionTemplate and sqlSessionFactory together. sqlSessionFactory is ignored.
2018-06-28 11:29:31.475  WARN 28428 --- [main] ssPathScanningCandidateComponentProvider : Cannot use both: sqlSessionTemplate and sqlSessionFactory together. sqlSessionFactory is ignored.
2018-06-28 11:29:31.475  WARN 28428 --- [main] ssPathScanningCandidateComponentProvider : Cannot use both: sqlSessionTemplate and sqlSessionFactory together. sqlSessionFactory is ignored.
2018-06-28 11:29:31.475  WARN 28428 --- [main] ssPathScanningCandidateComponentProvider : Cannot use both: sqlSessionTemplate and sqlSessionFactory together. sqlSessionFactory is ignored.
2018-06-28 11:29:31.475  WARN 28428 --- [main] ssPathScanningCandidateComponentProvider : Cannot use both: sqlSessionTemplate and sqlSessionFactory together. sqlSessionFactory is ignored.
2018-06-28 11:29:31.634  WARN 28428 --- [main] ssPathScanningCandidateComponentProvider : No MyBatis mapper was found in '[com.haihun]' package. Please check your configuration.
2018-06-28 11:29:31.651  WARN 28428 --- [main] ssPathScanningCandidateComponentProvider : No MyBatis mapper was found in '[com.haihun]' package. Please check your configuration.
2018-06-28 11:29:32.317  INFO 28428 --- [main] trationDelegate$BeanPostProcessorChecker : Bean 'org.springframework.transaction.annotation.ProxyTransactionManagementConfiguration' of type [org.springframework.transaction.annotation.ProxyTransactionManagementConfiguration$$EnhancerBySpringCGLIB$$83a6f751] is not eligible for getting processed by all BeanPostProcessors (for example: not eligible for auto-proxying)
2018-06-28 11:29:32.821  INFO 28428 --- [main] o.s.b.w.embedded.tomcat.TomcatWebServer  : Tomcat initialized with port(s): 8080 (http)
2018-06-28 11:29:32.843  INFO 28428 --- [main] o.apache.catalina.core.StandardService   : Starting service [Tomcat]
2018-06-28 11:29:32.843  INFO 28428 --- [main] org.apache.catalina.core.StandardEngine  : Starting Servlet Engine: Apache Tomcat/8.5.31
2018-06-28 11:29:32.846  INFO 28428 --- [localhost-startStop-1] o.a.catalina.core.AprLifecycleListener   : The APR based Apache Tomcat Native library which allows optimal performance in production environments was not found on the java.library.path: [E:\software\Java\jdk1.8\bin;C:\WINDOWS\Sun\Java\bin;C:\WINDOWS\system32;C:\WINDOWS;%JAVA_HOME%\bin;C:\WINDOWS\system32;C:\WINDOWS;C:\WINDOWS\System32\Wbem;C:\WINDOWS\System32\WindowsPowerShell\v1.0\;C:\Program Files\TortoiseSVN\bin;C:\Program Files\Git\cmd;%GRADLE_HOME%\bin;;C:\WINDOWS\System32\OpenSSH\;C:\Users\19187\AppData\Local\Microsoft\WindowsApps;C:\Program Files\Bandizip\;;.]
2018-06-28 11:29:32.941  INFO 28428 --- [localhost-startStop-1] o.a.c.c.C.[Tomcat].[localhost].[/]       : Initializing Spring embedded WebApplicationContext
2018-06-28 11:29:32.941  INFO 28428 --- [localhost-startStop-1] o.s.web.context.ContextLoader            : Root WebApplicationContext: initialization completed in 2304 ms
2018-06-28 11:29:33.440  INFO 28428 --- [localhost-startStop-1] c.h.config.redis.ShardedJedisPoolConfig  : start read jedisPool cluster nodes configuration ....
2018-06-28 11:29:33.440  INFO 28428 --- [localhost-startStop-1] c.h.config.redis.ShardedJedisPoolConfig  : jedisPool cluster node infomation  : 192.168.0.200:6379*1
2018-06-28 11:29:33.440  INFO 28428 --- [localhost-startStop-1] c.h.config.redis.ShardedJedisPoolConfig  : start read jedisPool configuration ....
2018-06-28 11:29:33.440  INFO 28428 --- [localhost-startStop-1] c.h.config.redis.ShardedJedisPoolConfig  : jedisPool configuration read end ....
2018-06-28 11:29:33.440  INFO 28428 --- [localhost-startStop-1] c.h.config.redis.ShardedJedisPoolConfig  : jedisPool configuration info : JedisPoolConfig [lifo=true, fairness=false, maxWaitMillis=6000, minEvictableIdleTimeMillis=60000, softMinEvictableIdleTimeMillis=-1, numTestsPerEvictionRun=-1, evictionPolicyClassName=org.apache.commons.pool2.impl.DefaultEvictionPolicy, testOnCreate=false, testOnBorrow=true, testOnReturn=true, testWhileIdle=true, timeBetweenEvictionRunsMillis=30000, blockWhenExhausted=true, jmxEnabled=true, jmxNamePrefix=pool, jmxNameBase=null, maxTotal=20, maxIdle=1, minIdle=0]
2018-06-28 11:29:34.183  INFO 28428 --- [localhost-startStop-1] o.s.b.w.servlet.FilterRegistrationBean   : Mapping filter: 'characterEncodingFilter' to: [/*]
2018-06-28 11:29:34.183  INFO 28428 --- [localhost-startStop-1] o.s.b.w.servlet.FilterRegistrationBean   : Mapping filter: 'hiddenHttpMethodFilter' to: [/*]
2018-06-28 11:29:34.184  INFO 28428 --- [localhost-startStop-1] o.s.b.w.servlet.FilterRegistrationBean   : Mapping filter: 'httpPutFormContentFilter' to: [/*]
2018-06-28 11:29:34.184  INFO 28428 --- [localhost-startStop-1] o.s.b.w.servlet.FilterRegistrationBean   : Mapping filter: 'requestContextFilter' to: [/*]
2018-06-28 11:29:34.184  INFO 28428 --- [localhost-startStop-1] o.s.b.w.servlet.FilterRegistrationBean   : Mapping filter: 'paramFilter' to urls: [/*]
2018-06-28 11:29:34.184  INFO 28428 --- [localhost-startStop-1] o.s.b.w.servlet.FilterRegistrationBean   : Mapping filter: 'httpTraceFilter' to: [/*]
2018-06-28 11:29:34.184  INFO 28428 --- [localhost-startStop-1] o.s.b.w.servlet.FilterRegistrationBean   : Mapping filter: 'webMvcMetricsFilter' to: [/*]
2018-06-28 11:29:34.184  INFO 28428 --- [localhost-startStop-1] o.s.b.w.servlet.ServletRegistrationBean  : Servlet dispatcherServlet mapped to [/]
2018-06-28 11:29:34.325  INFO 28428 --- [main] com.haihun.config.quartz.QuartzConfig    : Quartz init done...
2018-06-28 11:29:34.695  INFO 28428 --- [main] com.zaxxer.hikari.HikariDataSource       : HikariPool-1 - Starting...
2018-06-28 11:29:34.827  INFO 28428 --- [main] com.zaxxer.hikari.HikariDataSource       : HikariPool-1 - Start completed.
2018-06-28 11:29:34.888  INFO 28428 --- [main] org.quartz.impl.StdSchedulerFactory      : Using default implementation for ThreadExecutor
2018-06-28 11:29:34.896  INFO 28428 --- [main] org.quartz.core.SchedulerSignalerImpl    : Initialized Scheduler Signaller of type: class org.quartz.core.SchedulerSignalerImpl
2018-06-28 11:29:34.896  INFO 28428 --- [main] org.quartz.core.QuartzScheduler          : Quartz Scheduler v.2.3.0 created.
2018-06-28 11:29:34.899  INFO 28428 --- [main] o.s.s.quartz.LocalDataSourceJobStore     : Using db table-based data access locking (synchronization).
2018-06-28 11:29:34.901  INFO 28428 --- [main] o.s.s.quartz.LocalDataSourceJobStore     : JobStoreCMT initialized.
2018-06-28 11:29:34.902  INFO 28428 --- [main] org.quartz.core.QuartzScheduler          : Scheduler meta-data: Quartz Scheduler (v2.3.0) 'init' with instanceId 'NON_CLUSTERED'
  Scheduler class: 'org.quartz.core.QuartzScheduler' - running locally.
  NOT STARTED.
  Currently in standby mode.
  Number of jobs executed: 0
  Using thread pool 'org.quartz.simpl.SimpleThreadPool' - with 10 threads.
  Using job-store 'org.springframework.scheduling.quartz.LocalDataSourceJobStore' - which supports persistence. and is not clustered.

2018-06-28 11:29:34.902  INFO 28428 --- [main] org.quartz.impl.StdSchedulerFactory      : Quartz scheduler 'init' initialized from an externally provided properties instance.
2018-06-28 11:29:34.902  INFO 28428 --- [main] org.quartz.impl.StdSchedulerFactory      : Quartz scheduler version: 2.3.0
2018-06-28 11:29:34.902  INFO 28428 --- [main] org.quartz.core.QuartzScheduler          : JobFactory set to: com.haihun.config.quartz.AutowiringQuartzJobFactory@55a2ca5e
2018-06-28 11:29:35.231  INFO 28428 --- [main] s.w.s.m.m.a.RequestMappingHandlerMapping : Mapped "{[/bankManager/add],methods=[POST]}" onto public com.haihun.sdk.vo.result.Result com.haihun.sdk.controller.BankController.add(com.haihun.sdk.pojo.Bank)
2018-06-28 11:29:35.235  INFO 28428 --- [main] s.w.s.m.m.a.RequestMappingHandlerMapping : Mapped "{[/analy/index],methods=[GET]}" onto public java.lang.String com.haihun.sdk.controller.DataAnalyController.index(javax.servlet.http.HttpServletRequest)
2018-06-28 11:29:35.235  INFO 28428 --- [main] s.w.s.m.m.a.RequestMappingHandlerMapping : Mapped "{[/analy/getChannelIdByAppId],methods=[POST]}" onto public java.lang.Object com.haihun.sdk.controller.DataAnalyController.getChannel(java.lang.String)
2018-06-28 11:29:35.236  INFO 28428 --- [main] s.w.s.m.m.a.RequestMappingHandlerMapping : Mapped "{[/analy/all],methods=[POST]}" onto public java.lang.Object com.haihun.sdk.controller.DataAnalyController.all(com.haihun.sdk.vo.args.CompAnalyArgs)
2018-06-28 11:29:35.236  INFO 28428 --- [main] s.w.s.m.m.a.RequestMappingHandlerMapping : Mapped "{[/analy/orderIndex],methods=[GET]}" onto public java.lang.String com.haihun.sdk.controller.DataAnalyController.orderIndex(org.springframework.ui.Model)
2018-06-28 11:29:35.236  INFO 28428 --- [main] s.w.s.m.m.a.RequestMappingHandlerMapping : Mapped "{[/analy/login],methods=[GET]}" onto public java.lang.String com.haihun.sdk.controller.DataAnalyController.login()
2018-06-28 11:29:35.237  INFO 28428 --- [main] s.w.s.m.m.a.RequestMappingHandlerMapping : Mapped "{[/equipment/init],methods=[POST]}" onto public com.haihun.sdk.vo.result.EquipmentResult com.haihun.sdk.controller.EquipmentController.init(com.haihun.sdk.pojo.Equipment)
2018-06-28 11:29:35.238  INFO 28428 --- [main] s.w.s.m.m.a.RequestMappingHandlerMapping : Mapped "{[/gameManager/list],methods=[POST]}" onto public java.lang.Object com.haihun.sdk.controller.GameManagerController.list(java.lang.Integer,java.lang.Integer)
2018-06-28 11:29:35.238  INFO 28428 --- [main] s.w.s.m.m.a.RequestMappingHandlerMapping : Mapped "{[/gameManager/add],methods=[POST]}" onto public com.haihun.sdk.vo.result.Result com.haihun.sdk.controller.GameManagerController.addGame(java.lang.String,java.lang.String)
2018-06-28 11:29:35.239  INFO 28428 --- [main] s.w.s.m.m.a.RequestMappingHandlerMapping : Mapped "{[/gameManager/updateGame],methods=[POST]}" onto public com.haihun.sdk.vo.result.Result com.haihun.sdk.controller.GameManagerController.updateGame(java.lang.String,java.lang.String,java.lang.String)
2018-06-28 11:29:35.239  INFO 28428 --- [main] s.w.s.m.m.a.RequestMappingHandlerMapping : Mapped "{[/gameManager/uploadIcon],methods=[POST]}" onto public com.haihun.sdk.vo.result.Result com.haihun.sdk.controller.GameManagerController.uploadIcon(org.springframework.web.multipart.MultipartFile,java.lang.String) throws java.lang.Exception
2018-06-28 11:29:35.239  INFO 28428 --- [main] s.w.s.m.m.a.RequestMappingHandlerMapping : Mapped "{[/gameManager/queryGameByName],methods=[POST]}" onto public java.lang.Object com.haihun.sdk.controller.GameManagerController.queryGameByName(java.lang.String)
2018-06-28 11:29:35.239  INFO 28428 --- [main] s.w.s.m.m.a.RequestMappingHandlerMapping : Mapped "{[/order/list],methods=[POST]}" onto public com.haihun.sdk.vo.result.OrderListResult com.haihun.sdk.controller.GameOrderController.list(java.lang.String,java.lang.Integer,java.lang.Integer)
2018-06-28 11:29:35.240  INFO 28428 --- [main] s.w.s.m.m.a.RequestMappingHandlerMapping : Mapped "{[/order/create],methods=[POST]}" onto public com.haihun.sdk.vo.result.OrderResult com.haihun.sdk.controller.GameOrderController.createOrder(com.haihun.sdk.pojo.GameOrder,javax.servlet.http.HttpServletRequest,javax.servlet.http.HttpServletResponse)
2018-06-28 11:29:35.240  INFO 28428 --- [main] s.w.s.m.m.a.RequestMappingHandlerMapping : Mapped "{[/order/queryOrderByOrderId],methods=[POST]}" onto public com.haihun.sdk.vo.result.OrderResult com.haihun.sdk.controller.GameOrderController.queryOrderByOrderId(java.lang.String)
2018-06-28 11:29:35.240  INFO 28428 --- [main] s.w.s.m.m.a.RequestMappingHandlerMapping : Mapped "{[/order/createWapOrder],methods=[POST]}" onto public java.lang.String com.haihun.sdk.controller.GameOrderController.createAalipayWapOrder(com.haihun.sdk.pojo.GameOrder,javax.servlet.http.HttpServletRequest,org.springframework.ui.Model,javax.servlet.http.HttpServletResponse)
2018-06-28 11:29:35.244  INFO 28428 --- [main] s.w.s.m.m.a.RequestMappingHandlerMapping : Mapped "{[/sso/register],methods=[POST]}" onto public com.haihun.sdk.vo.result.Result com.haihun.sdk.controller.LoginController.register(com.haihun.sdk.pojo.User)
2018-06-28 11:29:35.244  INFO 28428 --- [main] s.w.s.m.m.a.RequestMappingHandlerMapping : Mapped "{[/sso/login],methods=[POST]}" onto public com.haihun.sdk.vo.result.LoginResult com.haihun.sdk.controller.LoginController.login(com.haihun.sdk.vo.args.LoginArgs)
2018-06-28 11:29:35.244  INFO 28428 --- [main] s.w.s.m.m.a.RequestMappingHandlerMapping : Mapped "{[/sso/logout],methods=[POST]}" onto public com.haihun.sdk.vo.result.Result com.haihun.sdk.controller.LoginController.logout(java.lang.String)
2018-06-28 11:29:35.245  INFO 28428 --- [main] s.w.s.m.m.a.RequestMappingHandlerMapping : Mapped "{[/sso/customerLogin],methods=[POST]}" onto public com.haihun.sdk.vo.result.QuickRegResult com.haihun.sdk.controller.LoginController.customerLogin(javax.servlet.http.HttpServletRequest,java.util.Map<java.lang.String, java.lang.String>)
2018-06-28 11:29:35.245  INFO 28428 --- [main] s.w.s.m.m.a.RequestMappingHandlerMapping : Mapped "{[/sso/resetPwd],methods=[POST]}" onto public com.haihun.sdk.vo.result.Result com.haihun.sdk.controller.LoginController.resetPwd(com.haihun.sdk.vo.args.ResetPwdArgs)
2018-06-28 11:29:35.245  INFO 28428 --- [main] s.w.s.m.m.a.RequestMappingHandlerMapping : Mapped "{[/sso/checkToken],methods=[POST]}" onto public com.haihun.sdk.vo.result.Result com.haihun.sdk.controller.LoginController.queryUserByToken(java.lang.String,java.lang.String,java.lang.String)
2018-06-28 11:29:35.246  INFO 28428 --- [main] s.w.s.m.m.a.RequestMappingHandlerMapping : Mapped "{[/sso/unBindMobile],methods=[POST]}" onto public com.haihun.sdk.vo.result.Result com.haihun.sdk.controller.LoginController.unBindMobile(java.lang.String,java.lang.String,java.lang.String)
2018-06-28 11:29:35.246  INFO 28428 --- [main] s.w.s.m.m.a.RequestMappingHandlerMapping : Mapped "{[/sso/smsVerifyCode],methods=[POST]}" onto public com.haihun.sdk.vo.result.Result com.haihun.sdk.controller.LoginController.smsVerifyCode(java.lang.String,java.lang.String)
2018-06-28 11:29:35.246  INFO 28428 --- [main] s.w.s.m.m.a.RequestMappingHandlerMapping : Mapped "{[/sso/bindMobile],methods=[POST]}" onto public com.haihun.sdk.vo.result.Result com.haihun.sdk.controller.LoginController.bindMobile(com.haihun.sdk.vo.args.BindMobileArgs)
2018-06-28 11:29:35.247  INFO 28428 --- [main] s.w.s.m.m.a.RequestMappingHandlerMapping : Mapped "{[/sso/registerAndLogin],methods=[POST]}" onto public com.haihun.sdk.vo.result.LoginResult com.haihun.sdk.controller.LoginController.registerAndLogin(com.haihun.sdk.pojo.User)
2018-06-28 11:29:35.247  INFO 28428 --- [main] s.w.s.m.m.a.RequestMappingHandlerMapping : Mapped "{[/sso/realName],methods=[POST]}" onto public com.haihun.sdk.vo.result.Result com.haihun.sdk.controller.LoginController.realName(com.haihun.sdk.vo.args.RealNameArgs)
2018-06-28 11:29:35.247  INFO 28428 --- [main] s.w.s.m.m.a.RequestMappingHandlerMapping : Mapped "{[/sso/getGameProtocol],methods=[POST]}" onto public com.haihun.sdk.vo.result.Result com.haihun.sdk.controller.LoginController.getGameProtocol()
2018-06-28 11:29:35.250  INFO 28428 --- [main] s.w.s.m.m.a.RequestMappingHandlerMapping : Mapped "{[/pay/alipayCallBack],methods=[POST]}" onto public void com.haihun.sdk.controller.PayCallBackController.alipayCallBack(javax.servlet.http.HttpServletResponse,javax.servlet.http.HttpServletRequest)
2018-06-28 11:29:35.251  INFO 28428 --- [main] s.w.s.m.m.a.RequestMappingHandlerMapping : Mapped "{[/pay/weChatPayCallBack],methods=[POST]}" onto public void com.haihun.sdk.controller.PayCallBackController.wechatPayCallBack(javax.servlet.http.HttpServletResponse,javax.servlet.http.HttpServletRequest)
2018-06-28 11:29:35.253  INFO 28428 --- [main] s.w.s.m.m.a.RequestMappingHandlerMapping : Mapped "{[/jobManage/quartzIndex],methods=[GET]}" onto public java.lang.String com.haihun.sdk.controller.QuartzJobDetailController.index()
2018-06-28 11:29:35.253  INFO 28428 --- [main] s.w.s.m.m.a.RequestMappingHandlerMapping : Mapped "{[/jobManage/add],methods=[POST]}" onto public com.haihun.sdk.vo.result.Result com.haihun.sdk.controller.QuartzJobDetailController.add(com.haihun.sdk.pojo.JobDetail)
2018-06-28 11:29:35.254  INFO 28428 --- [main] s.w.s.m.m.a.RequestMappingHandlerMapping : Mapped "{[/jobManage],methods=[DELETE]}" onto public org.springframework.http.ResponseEntity<java.lang.Boolean> com.haihun.sdk.controller.QuartzJobDetailController.delete(java.util.Map<java.lang.String, java.util.List<java.lang.String>>)
2018-06-28 11:29:35.254  INFO 28428 --- [main] s.w.s.m.m.a.RequestMappingHandlerMapping : Mapped "{[/jobManage/list],methods=[GET]}" onto public java.lang.Object com.haihun.sdk.controller.QuartzJobDetailController.list(java.lang.Integer,java.lang.Integer)
2018-06-28 11:29:35.254  INFO 28428 --- [main] s.w.s.m.m.a.RequestMappingHandlerMapping : Mapped "{[/jobManage/{group}/{name}],methods=[POST]}" onto public org.springframework.http.ResponseEntity<java.lang.Boolean> com.haihun.sdk.controller.QuartzJobDetailController.triggerNow(java.lang.String,java.lang.String,java.util.Map<java.lang.String, java.lang.Object>)
2018-06-28 11:29:35.255  INFO 28428 --- [main] s.w.s.m.m.a.RequestMappingHandlerMapping : Mapped "{[/jobManage/{group}/{name}],methods=[GET]}" onto public com.haihun.sdk.pojo.JobDetail com.haihun.sdk.controller.QuartzJobDetailController.queryByJobKey(java.lang.String,java.lang.String)
2018-06-28 11:29:35.258  INFO 28428 --- [main] s.w.s.m.m.a.RequestMappingHandlerMapping : Mapped "{[/swagger-resources/configuration/ui]}" onto public org.springframework.http.ResponseEntity<springfox.documentation.swagger.web.UiConfiguration> springfox.documentation.swagger.web.ApiResourceController.uiConfiguration()
2018-06-28 11:29:35.259  INFO 28428 --- [main] s.w.s.m.m.a.RequestMappingHandlerMapping : Mapped "{[/swagger-resources]}" onto public org.springframework.http.ResponseEntity<java.util.List<springfox.documentation.swagger.web.SwaggerResource>> springfox.documentation.swagger.web.ApiResourceController.swaggerResources()
2018-06-28 11:29:35.259  INFO 28428 --- [main] s.w.s.m.m.a.RequestMappingHandlerMapping : Mapped "{[/swagger-resources/configuration/security]}" onto public org.springframework.http.ResponseEntity<springfox.documentation.swagger.web.SecurityConfiguration> springfox.documentation.swagger.web.ApiResourceController.securityConfiguration()
2018-06-28 11:29:35.261  INFO 28428 --- [main] s.w.s.m.m.a.RequestMappingHandlerMapping : Mapped "{[/error]}" onto public org.springframework.http.ResponseEntity<java.util.Map<java.lang.String, java.lang.Object>> org.springframework.boot.autoconfigure.web.servlet.error.BasicErrorController.error(javax.servlet.http.HttpServletRequest)
2018-06-28 11:29:35.262  INFO 28428 --- [main] s.w.s.m.m.a.RequestMappingHandlerMapping : Mapped "{[/error],produces=[text/html]}" onto public org.springframework.web.servlet.ModelAndView org.springframework.boot.autoconfigure.web.servlet.error.BasicErrorController.errorHtml(javax.servlet.http.HttpServletRequest,javax.servlet.http.HttpServletResponse)
2018-06-28 11:29:35.351  INFO 28428 --- [main] o.s.b.a.e.web.EndpointLinksResolver      : Exposing 2 endpoint(s) beneath base path '/actuator'
2018-06-28 11:29:35.363  INFO 28428 --- [main] s.b.a.e.w.s.WebMvcEndpointHandlerMapping : Mapped "{[/actuator/health],methods=[GET],produces=[application/vnd.spring-boot.actuator.v2+json || application/json]}" onto public java.lang.Object org.springframework.boot.actuate.endpoint.web.servlet.AbstractWebMvcEndpointHandlerMapping$OperationHandler.handle(javax.servlet.http.HttpServletRequest,java.util.Map<java.lang.String, java.lang.String>)
2018-06-28 11:29:35.364  INFO 28428 --- [main] s.b.a.e.w.s.WebMvcEndpointHandlerMapping : Mapped "{[/actuator/info],methods=[GET],produces=[application/vnd.spring-boot.actuator.v2+json || application/json]}" onto public java.lang.Object org.springframework.boot.actuate.endpoint.web.servlet.AbstractWebMvcEndpointHandlerMapping$OperationHandler.handle(javax.servlet.http.HttpServletRequest,java.util.Map<java.lang.String, java.lang.String>)
2018-06-28 11:29:35.365  INFO 28428 --- [main] s.b.a.e.w.s.WebMvcEndpointHandlerMapping : Mapped "{[/actuator],methods=[GET],produces=[application/vnd.spring-boot.actuator.v2+json || application/json]}" onto protected java.util.Map<java.lang.String, java.util.Map<java.lang.String, org.springframework.boot.actuate.endpoint.web.Link>> org.springframework.boot.actuate.endpoint.web.servlet.WebMvcEndpointHandlerMapping.links(javax.servlet.http.HttpServletRequest,javax.servlet.http.HttpServletResponse)
2018-06-28 11:29:35.474  INFO 28428 --- [main] c.h.config.redis.ShardedJedisPoolConfig  : start read jedisPool configuration ....
2018-06-28 11:29:35.474  INFO 28428 --- [main] c.h.config.redis.ShardedJedisPoolConfig  : jedisPool configuration read end ....
2018-06-28 11:29:35.474  INFO 28428 --- [main] c.h.config.redis.ShardedJedisPoolConfig  : jedisPool configuration info : JedisPoolConfig [lifo=true, fairness=false, maxWaitMillis=6000, minEvictableIdleTimeMillis=60000, softMinEvictableIdleTimeMillis=-1, numTestsPerEvictionRun=-1, evictionPolicyClassName=org.apache.commons.pool2.impl.DefaultEvictionPolicy, testOnCreate=false, testOnBorrow=true, testOnReturn=true, testWhileIdle=true, timeBetweenEvictionRunsMillis=30000, blockWhenExhausted=true, jmxEnabled=true, jmxNamePrefix=pool, jmxNameBase=null, maxTotal=20, maxIdle=1, minIdle=0]
2018-06-28 11:29:35.478  INFO 28428 --- [main] c.h.config.redis.ShardedJedisPoolConfig  : start read jedisPool cluster nodes configuration ....
2018-06-28 11:29:35.478  INFO 28428 --- [main] c.h.config.redis.ShardedJedisPoolConfig  : jedisPool cluster node infomation  : 192.168.0.200:6379*1
2018-06-28 11:29:35.523  INFO 28428 --- [main] pertySourcedRequestMappingHandlerMapping : Mapped URL path [/v2/api-docs] onto method [public org.springframework.http.ResponseEntity<springfox.documentation.spring.web.json.Json> springfox.documentation.swagger2.web.Swagger2Controller.getDocumentation(java.lang.String,javax.servlet.http.HttpServletRequest)]
2018-06-28 11:29:35.653  INFO 28428 --- [main] o.s.w.s.handler.SimpleUrlHandlerMapping  : Mapped URL path [/**/favicon.ico] onto handler of type [class org.springframework.web.servlet.resource.ResourceHttpRequestHandler]
2018-06-28 11:29:35.830  INFO 28428 --- [main] s.w.s.m.m.a.RequestMappingHandlerAdapter : Looking for @ControllerAdvice: org.springframework.boot.web.servlet.context.AnnotationConfigServletWebServerApplicationContext@4078695f: startup date [Thu Jun 28 11:29:30 CST 2018]; root of context hierarchy
2018-06-28 11:29:35.841  INFO 28428 --- [main] s.w.s.m.m.a.RequestMappingHandlerAdapter : Detected ResponseBodyAdvice bean in resInterceptor
2018-06-28 11:29:35.883  INFO 28428 --- [main] o.s.w.s.handler.SimpleUrlHandlerMapping  : Mapped URL path [/webjars/**] onto handler of type [class org.springframework.web.servlet.resource.ResourceHttpRequestHandler]
2018-06-28 11:29:35.883  INFO 28428 --- [main] o.s.w.s.handler.SimpleUrlHandlerMapping  : Mapped URL path [/**] onto handler of type [class org.springframework.web.servlet.resource.ResourceHttpRequestHandler]
2018-06-28 11:29:35.903  INFO 28428 --- [main] .m.m.a.ExceptionHandlerExceptionResolver : Detected ResponseBodyAdvice implementation in resInterceptor
2018-06-28 11:29:35.997  INFO 28428 --- [main] o.s.b.a.w.s.WelcomePageHandlerMapping    : Adding welcome page template: index
2018-06-28 11:29:36.368  INFO 28428 --- [main] o.s.b.d.a.OptionalLiveReloadServer       : LiveReload server is running on port 35729
2018-06-28 11:29:36.416  INFO 28428 --- [main] o.s.j.e.a.AnnotationMBeanExporter        : Registering beans for JMX exposure on startup
2018-06-28 11:29:36.417  INFO 28428 --- [main] o.s.j.e.a.AnnotationMBeanExporter        : Bean with name 'masterDataSource' has been autodetected for JMX exposure
2018-06-28 11:29:36.426  INFO 28428 --- [main] o.s.j.e.a.AnnotationMBeanExporter        : Located MBean 'masterDataSource': registering with JMX server as MBean [com.zaxxer.hikari:name=masterDataSource,type=HikariDataSource]
2018-06-28 11:29:36.431  INFO 28428 --- [main] o.s.c.support.DefaultLifecycleProcessor  : Starting beans in phase 2147483647
2018-06-28 11:29:36.432  INFO 28428 --- [main] d.s.w.p.DocumentationPluginsBootstrapper : Context refreshed
2018-06-28 11:29:36.448  INFO 28428 --- [main] d.s.w.p.DocumentationPluginsBootstrapper : Found 1 custom documentation plugin(s)
2018-06-28 11:29:36.493  INFO 28428 --- [main] s.d.s.w.s.ApiListingReferenceScanner     : Scanning for api listing references
2018-06-28 11:29:36.697  INFO 28428 --- [main] .d.s.w.r.o.CachingOperationNameGenerator : Generating unique operation named: listUsingPOST_1
2018-06-28 11:29:36.788  INFO 28428 --- [main] .d.s.w.r.o.CachingOperationNameGenerator : Generating unique operation named: addUsingPOST_1
2018-06-28 11:29:36.795  INFO 28428 --- [main] .d.s.w.r.o.CachingOperationNameGenerator : Generating unique operation named: indexUsingGET_1
2018-06-28 11:29:36.844  INFO 28428 --- [main] o.s.s.quartz.SchedulerFactoryBean        : Starting Quartz Scheduler now
2018-06-28 11:29:36.869  INFO 28428 --- [main] o.s.s.quartz.LocalDataSourceJobStore     : Freed 1 triggers from 'acquired' / 'blocked' state.
2018-06-28 11:29:36.873  INFO 28428 --- [main] o.s.s.quartz.LocalDataSourceJobStore     : Recovering 0 jobs that were in-progress at the time of the last shut-down.
2018-06-28 11:29:36.873  INFO 28428 --- [main] o.s.s.quartz.LocalDataSourceJobStore     : Recovery complete.
2018-06-28 11:29:36.875  INFO 28428 --- [main] o.s.s.quartz.LocalDataSourceJobStore     : Removed 0 'complete' triggers.
2018-06-28 11:29:36.876  INFO 28428 --- [main] o.s.s.quartz.LocalDataSourceJobStore     : Removed 1 stale fired job entries.
2018-06-28 11:29:36.912  INFO 28428 --- [main] org.quartz.core.QuartzScheduler          : Scheduler init_$_NON_CLUSTERED started.
2018-06-28 11:29:36.964  INFO 28428 --- [main] o.s.b.w.embedded.tomcat.TomcatWebServer  : Tomcat started on port(s): 8080 (http) with context path ''
2018-06-28 11:29:36.970  INFO 28428 --- [main] com.haihun.Application                   : Started Application in 6.971 seconds (JVM running for 10.655)
2018-06-28 11:29:37.274  INFO 28428 --- [RMI TCP Connection(4)-127.0.0.1] o.a.c.c.C.[Tomcat].[localhost].[/]       : Initializing Spring FrameworkServlet 'dispatcherServlet'
2018-06-28 11:29:37.274  INFO 28428 --- [RMI TCP Connection(4)-127.0.0.1] o.s.web.servlet.DispatcherServlet        : FrameworkServlet 'dispatcherServlet': initialization started
2018-06-28 11:29:37.294  INFO 28428 --- [RMI TCP Connection(4)-127.0.0.1] o.s.web.servlet.DispatcherServlet        : FrameworkServlet 'dispatcherServlet': initialization completed in 19 ms
